<html>
<head>
<title>TestNG:  Default test</title>
<link href="../testng.css" rel="stylesheet" type="text/css" />
<link href="../my-testng.css" rel="stylesheet" type="text/css" />

<style type="text/css">
.log { display: none;} 
.stack-trace { display: none;} 
</style>
<script type="text/javascript">
<!--
function flip(e) {
  current = e.style.display;
  if (current == 'block') {
    e.style.display = 'none';
    return 0;
  }
  else {
    e.style.display = 'block';
    return 1;
  }
}

function toggleBox(szDivId, elem, msg1, msg2)
{
  var res = -1;  if (document.getElementById) {
    res = flip(document.getElementById(szDivId));
  }
  else if (document.all) {
    // this is the way old msie versions work
    res = flip(document.all[szDivId]);
  }
  if(elem) {
    if(res == 0) elem.innerHTML = msg1; else elem.innerHTML = msg2;
  }

}

function toggleAllBoxes() {
  if (document.getElementsByTagName) {
    d = document.getElementsByTagName('div');
    for (i = 0; i < d.length; i++) {
      if (d[i].className == 'log') {
        flip(d[i]);
      }
    }
  }
}

// -->
</script>

</head>
<body>
<h2 align='center'>Default test</h2><table border='1' align="center">
<tr>
<td>Tests passed/Failed/Skipped:</td><td>32/6/0</td>
</tr><tr>
<td>Started on:</td><td>Tue Jul 04 17:33:59 KST 2023</td>
</tr>
<tr><td>Total time:</td><td>3689 seconds (3689380 ms)</td>
</tr><tr>
<td>Included groups:</td><td></td>
</tr><tr>
<td>Excluded groups:</td><td></td>
</tr>
</table><p/>
<small><i>(Hover the method name to see the test class name)</i></small><p/>
<table width='100%' border='1' class='invocation-failed'>
<tr><td colspan='4' align='center'><b>FAILED TESTS</b></td></tr>
<tr><td><b>Test method</b></td>
<td width="30%"><b>Exception</b></td>
<td width="10%"><b>Time (seconds)</b></td>
<td><b>Instance</b></td>
</tr>
<tr>
<td title='eWalker_SSL_VPN_V10.eWalker_SSL_VPN_Android_launch.A04_T03()'><b>A04_T03</b><br>Test class: eWalker_SSL_VPN_V10.eWalker_SSL_VPN_Android_launch</td>
<td><div><pre>org.openqa.selenium.TimeoutException: Expected condition failed: waiting for presence of element located by: By.xpath: /hierarchy/android.widget.Toast (tried for 25 second(s) with 500 milliseconds interval)
	at org.openqa.selenium.support.ui.WebDriverWait.timeoutException(WebDriverWait.java:95)
	at org.openqa.selenium.support.ui.FluentWait.until(FluentWait.java:272)
	at function.func_appium_android.login_server(func_appium_android.java:345)
	at test_case_android.A04_T03.A04_T03_case(A04_T03.java:28)
	at eWalker_SSL_VPN_V10.eWalker_SSL_VPN_Android_launch.A04_T03(eWalker_SSL_VPN_Android_launch.java:90)
	at java.base/jdk.internal.reflect.NativeMethodAccessorImpl.invoke0(Native Method)
	at java.base/jdk.internal.reflect.NativeMethodAccessorImpl.invoke(NativeMethodAccessorImpl.java:77)
	at java.base/jdk.internal.reflect.DelegatingMethodAccessorImpl.invoke(DelegatingMethodAccessorImpl.java:43)
	at java.base/java.lang.reflect.Method.invoke(Method.java:568)
	at org.testng.internal.MethodInvocationHelper.invokeMethod(MethodInvocationHelper.java:132)
	at org.testng.internal.TestInvoker.invokeMethod(TestInvoker.java:599)
	at org.testng.internal.TestInvoker.invokeTestMethod(TestInvoker.java:174)
	at org.testng.internal.MethodRunner.runInSequence(MethodRunner.java:46)
	at org.testng.internal.TestInvoker$MethodInvocationAgent.invoke(TestInvoker.java:822)
	at org.testng.internal.TestInvoker.invokeTestMethods(TestInvoker.java:147)
	at org.testng.internal.TestMethodWorker.invokeTestMethods(TestMethodWorker.java:146)
	at org.testng.internal.TestMethodWorker.run(TestMethodWorker.java:128)
	at java.base/java.util.ArrayList.forEach(ArrayList.java:1511)
	at org.testng.TestRunner.privateRun(TestRunner.java:764)
	at org.testng.TestRunner.run(TestRunner.java:585)
	at org.testng.SuiteRunner.runTest(SuiteRunner.java:384)
	at org.testng.SuiteRunner.runSequentially(SuiteRunner.java:378)
	at org.testng.SuiteRunner.privateRun(SuiteRunner.java:337)
	at org.testng.SuiteRunner.run(SuiteRunner.java:286)
	at org.testng.SuiteRunnerWorker.runSuite(SuiteRunnerWorker.java:53)
	at org.testng.SuiteRunnerWorker.run(SuiteRunnerWorker.java:96)
	at org.testng.TestNG.runSuitesSequentially(TestNG.java:1218)
	at org.testng.TestNG.runSuitesLocally(TestNG.java:1140)
	at org.testng.TestNG.runSuites(TestNG.java:1069)
	at org.testng.TestNG.run(TestNG.java:1037)
	at org.testng.remote.AbstractRemoteTestNG.run(AbstractRemoteTestNG.java:115)
	at org.testng.remote.RemoteTestNG.initAndRun(RemoteTestNG.java:251)
	at org.testng.remote.RemoteTestNG.main(RemoteTestNG.java:77)
Caused by: org.openqa.selenium.NoSuchElementException: An element could not be located on the page using the given search parameters.
For documentation on this error, please visit: https://www.seleniumhq.org/exceptions/no_such_element.html
Build info: version: &apos;3.141.59&apos;, revision: &apos;e82be7d358&apos;, time: &apos;2018-11-14T08:17:03&apos;
System info: host: &apos;SOOSANui-MacBookAir.local&apos;, ip: &apos;fe80:0:0:0:14a8:2e5:7cd6:cc9a%en0&apos;, os.name: &apos;Mac OS X&apos;, os.arch: &apos;aarch64&apos;, os.version: &apos;13.3.1&apos;, java.version: &apos;17.0.6&apos;
Driver info: io.appium.java_client.android.AndroidDriver
Capabilities {databaseEnabled: false, desired: {deviceName: SM-G991N, platformName: android, platformversion: 12, uuid: R3CRC0MAAKN}, deviceApiLevel: 30, deviceManufacturer: samsung, deviceModel: SM-T735N, deviceName: R54R8002EJY, deviceScreenDensity: 340, deviceScreenSize: 1600x2560, deviceUDID: R54R8002EJY, javascriptEnabled: true, locationContextEnabled: false, networkConnectionEnabled: true, pixelRatio: 2.125, platform: LINUX, platformName: Android, platformVersion: 11, platformversion: 12, statBarHeight: 51, takesScreenshot: true, uuid: R3CRC0MAAKN, viewportRect: {height: 2407, left: 0, top: 51, width: 1600}, warnings: {}, webStorageEnabled: false}
Session ID: 2ef3adf0-ad83-4d8b-880c-d038b81af07c
*** Element info: {Using=xpath, value=/hierarchy/android.widget.Toast}
	at jdk.internal.reflect.GeneratedConstructorAccessor13.newInstance(Unknown Source)
	at java.base/jdk.internal.reflect.DelegatingConstructorAccessorImpl.newInstance(DelegatingConstructorAccessorImpl.java:45)
	at java.base/java.lang.reflect.Constructor.newInstanceWithCaller(Constructor.java:499)
	at java.base/java.lang.reflect.Constructor.newInstance(Constructor.java:480)
	at org.openqa.selenium.remote.http.W3CHttpResponseCodec.createException(W3CHttpResponseCodec.java:187)
	at org.openqa.selenium.remote.http.W3CHttpResponseCodec.decode(W3CHttpResponseCodec.java:122)
	at org.openqa.selenium.remote.http.W3CHttpResponseCodec.decode(W3CHttpResponseCodec.java:49)
	at org.openqa.selenium.remote.HttpCommandExecutor.execute(HttpCommandExecutor.java:158)
	at io.appium.java_client.remote.AppiumCommandExecutor.execute(AppiumCommandExecutor.java:239)
	at org.openqa.selenium.remote.RemoteWebDriver.execute(RemoteWebDriver.java:552)
	at io.appium.java_client.DefaultGenericMobileDriver.execute(DefaultGenericMobileDriver.java:41)
	at io.appium.java_client.AppiumDriver.execute(AppiumDriver.java:1)
	at io.appium.java_client.android.AndroidDriver.execute(AndroidDriver.java:1)
	at org.openqa.selenium.remote.RemoteWebDriver.findElement(RemoteWebDriver.java:323)
	at io.appium.java_client.DefaultGenericMobileDriver.findElement(DefaultGenericMobileDriver.java:61)
	at io.appium.java_client.AppiumDriver.findElement(AppiumDriver.java:1)
	at io.appium.java_client.android.AndroidDriver.findElement(AndroidDriver.java:1)
	at org.openqa.selenium.remote.RemoteWebDriver.findElementByXPath(RemoteWebDriver.java:428)
	at io.appium.java_client.DefaultGenericMobileDriver.findElementByXPath(DefaultGenericMobileDriver.java:151)
	at io.appium.java_client.AppiumDriver.findElementByXPath(AppiumDriver.java:1)
	at io.appium.java_client.android.AndroidDriver.findElementByXPath(AndroidDriver.java:1)
	at org.openqa.selenium.By$ByXPath.findElement(By.java:353)
	at org.openqa.selenium.remote.RemoteWebDriver.findElement(RemoteWebDriver.java:315)
	at io.appium.java_client.DefaultGenericMobileDriver.findElement(DefaultGenericMobileDriver.java:57)
	at io.appium.java_client.AppiumDriver.findElement(AppiumDriver.java:1)
	at io.appium.java_client.android.AndroidDriver.findElement(AndroidDriver.java:1)
	at org.openqa.selenium.support.ui.ExpectedConditions$6.apply(ExpectedConditions.java:182)
	at org.openqa.selenium.support.ui.ExpectedConditions$6.apply(ExpectedConditions.java:179)
	at org.openqa.selenium.support.ui.FluentWait.until(FluentWait.java:249)
	... 31 more
</pre></div><a href='#' onClick='toggleBox("stack-trace452592778", this, "Click to show all stack frames", "Click to hide stack frames")'>Click to show all stack frames</a>
<div class='stack-trace' id='stack-trace452592778'><pre>org.openqa.selenium.TimeoutException: Expected condition failed: waiting for presence of element located by: By.xpath: /hierarchy/android.widget.Toast (tried for 25 second(s) with 500 milliseconds interval)
	at org.openqa.selenium.support.ui.WebDriverWait.timeoutException(WebDriverWait.java:95)
	at org.openqa.selenium.support.ui.FluentWait.until(FluentWait.java:272)
	at function.func_appium_android.login_server(func_appium_android.java:345)
	at test_case_android.A04_T03.A04_T03_case(A04_T03.java:28)
	at eWalker_SSL_VPN_V10.eWalker_SSL_VPN_Android_launch.A04_T03(eWalker_SSL_VPN_Android_launch.java:90)
	at java.base/jdk.internal.reflect.NativeMethodAccessorImpl.invoke0(Native Method)
	at java.base/jdk.internal.reflect.NativeMethodAccessorImpl.invoke(NativeMethodAccessorImpl.java:77)
	at java.base/jdk.internal.reflect.DelegatingMethodAccessorImpl.invoke(DelegatingMethodAccessorImpl.java:43)
	at java.base/java.lang.reflect.Method.invoke(Method.java:568)
	at org.testng.internal.MethodInvocationHelper.invokeMethod(MethodInvocationHelper.java:132)
	at org.testng.internal.TestInvoker.invokeMethod(TestInvoker.java:599)
	at org.testng.internal.TestInvoker.invokeTestMethod(TestInvoker.java:174)
	at org.testng.internal.MethodRunner.runInSequence(MethodRunner.java:46)
	at org.testng.internal.TestInvoker$MethodInvocationAgent.invoke(TestInvoker.java:822)
	at org.testng.internal.TestInvoker.invokeTestMethods(TestInvoker.java:147)
	at org.testng.internal.TestMethodWorker.invokeTestMethods(TestMethodWorker.java:146)
	at org.testng.internal.TestMethodWorker.run(TestMethodWorker.java:128)
	at java.base/java.util.ArrayList.forEach(ArrayList.java:1511)
	at org.testng.TestRunner.privateRun(TestRunner.java:764)
	at org.testng.TestRunner.run(TestRunner.java:585)
	at org.testng.SuiteRunner.runTest(SuiteRunner.java:384)
	at org.testng.SuiteRunner.runSequentially(SuiteRunner.java:378)
	at org.testng.SuiteRunner.privateRun(SuiteRunner.java:337)
	at org.testng.SuiteRunner.run(SuiteRunner.java:286)
	at org.testng.SuiteRunnerWorker.runSuite(SuiteRunnerWorker.java:53)
	at org.testng.SuiteRunnerWorker.run(SuiteRunnerWorker.java:96)
	at org.testng.TestNG.runSuitesSequentially(TestNG.java:1218)
	at org.testng.TestNG.runSuitesLocally(TestNG.java:1140)
	at org.testng.TestNG.runSuites(TestNG.java:1069)
	at org.testng.TestNG.run(TestNG.java:1037)
	at org.testng.remote.AbstractRemoteTestNG.run(AbstractRemoteTestNG.java:115)
	at org.testng.remote.RemoteTestNG.initAndRun(RemoteTestNG.java:251)
	at org.testng.remote.RemoteTestNG.main(RemoteTestNG.java:77)
Caused by: org.openqa.selenium.NoSuchElementException: An element could not be located on the page using the given search parameters.
For documentation on this error, please visit: https://www.seleniumhq.org/exceptions/no_such_element.html
Build info: version: &apos;3.141.59&apos;, revision: &apos;e82be7d358&apos;, time: &apos;2018-11-14T08:17:03&apos;
System info: host: &apos;SOOSANui-MacBookAir.local&apos;, ip: &apos;fe80:0:0:0:14a8:2e5:7cd6:cc9a%en0&apos;, os.name: &apos;Mac OS X&apos;, os.arch: &apos;aarch64&apos;, os.version: &apos;13.3.1&apos;, java.version: &apos;17.0.6&apos;
Driver info: io.appium.java_client.android.AndroidDriver
Capabilities {databaseEnabled: false, desired: {deviceName: SM-G991N, platformName: android, platformversion: 12, uuid: R3CRC0MAAKN}, deviceApiLevel: 30, deviceManufacturer: samsung, deviceModel: SM-T735N, deviceName: R54R8002EJY, deviceScreenDensity: 340, deviceScreenSize: 1600x2560, deviceUDID: R54R8002EJY, javascriptEnabled: true, locationContextEnabled: false, networkConnectionEnabled: true, pixelRatio: 2.125, platform: LINUX, platformName: Android, platformVersion: 11, platformversion: 12, statBarHeight: 51, takesScreenshot: true, uuid: R3CRC0MAAKN, viewportRect: {height: 2407, left: 0, top: 51, width: 1600}, warnings: {}, webStorageEnabled: false}
Session ID: 2ef3adf0-ad83-4d8b-880c-d038b81af07c
*** Element info: {Using=xpath, value=/hierarchy/android.widget.Toast}
	at jdk.internal.reflect.GeneratedConstructorAccessor13.newInstance(Unknown Source)
	at java.base/jdk.internal.reflect.DelegatingConstructorAccessorImpl.newInstance(DelegatingConstructorAccessorImpl.java:45)
	at java.base/java.lang.reflect.Constructor.newInstanceWithCaller(Constructor.java:499)
	at java.base/java.lang.reflect.Constructor.newInstance(Constructor.java:480)
	at org.openqa.selenium.remote.http.W3CHttpResponseCodec.createException(W3CHttpResponseCodec.java:187)
	at org.openqa.selenium.remote.http.W3CHttpResponseCodec.decode(W3CHttpResponseCodec.java:122)
	at org.openqa.selenium.remote.http.W3CHttpResponseCodec.decode(W3CHttpResponseCodec.java:49)
	at org.openqa.selenium.remote.HttpCommandExecutor.execute(HttpCommandExecutor.java:158)
	at io.appium.java_client.remote.AppiumCommandExecutor.execute(AppiumCommandExecutor.java:239)
	at org.openqa.selenium.remote.RemoteWebDriver.execute(RemoteWebDriver.java:552)
	at io.appium.java_client.DefaultGenericMobileDriver.execute(DefaultGenericMobileDriver.java:41)
	at io.appium.java_client.AppiumDriver.execute(AppiumDriver.java:1)
	at io.appium.java_client.android.AndroidDriver.execute(AndroidDriver.java:1)
	at org.openqa.selenium.remote.RemoteWebDriver.findElement(RemoteWebDriver.java:323)
	at io.appium.java_client.DefaultGenericMobileDriver.findElement(DefaultGenericMobileDriver.java:61)
	at io.appium.java_client.AppiumDriver.findElement(AppiumDriver.java:1)
	at io.appium.java_client.android.AndroidDriver.findElement(AndroidDriver.java:1)
	at org.openqa.selenium.remote.RemoteWebDriver.findElementByXPath(RemoteWebDriver.java:428)
	at io.appium.java_client.DefaultGenericMobileDriver.findElementByXPath(DefaultGenericMobileDriver.java:151)
	at io.appium.java_client.AppiumDriver.findElementByXPath(AppiumDriver.java:1)
	at io.appium.java_client.android.AndroidDriver.findElementByXPath(AndroidDriver.java:1)
	at org.openqa.selenium.By$ByXPath.findElement(By.java:353)
	at org.openqa.selenium.remote.RemoteWebDriver.findElement(RemoteWebDriver.java:315)
	at io.appium.java_client.DefaultGenericMobileDriver.findElement(DefaultGenericMobileDriver.java:57)
	at io.appium.java_client.AppiumDriver.findElement(AppiumDriver.java:1)
	at io.appium.java_client.android.AndroidDriver.findElement(AndroidDriver.java:1)
	at org.openqa.selenium.support.ui.ExpectedConditions$6.apply(ExpectedConditions.java:182)
	at org.openqa.selenium.support.ui.ExpectedConditions$6.apply(ExpectedConditions.java:179)
	at org.openqa.selenium.support.ui.FluentWait.until(FluentWait.java:249)
	... 31 more
</pre></div></td>
<td>51</td>
<td>eWalker_SSL_VPN_V10.eWalker_SSL_VPN_Android_launch@6631f5ca</td></tr>
<tr>
<td title='eWalker_SSL_VPN_V10.eWalker_SSL_VPN_Android_launch.A06_T06()'><b>A06_T06</b><br>Test class: eWalker_SSL_VPN_V10.eWalker_SSL_VPN_Android_launch</td>
<td><div><pre>org.openqa.selenium.WebDriverException: An unknown server-side error occurred while processing the command. Original error: Cannot activate &apos;com.dreammirae.anyauth.android&apos;. Original error: Error executing adbExec. Original error: &apos;Command &apos;/Users/soosanint/Library/Android/sdk/platform-tools/adb -P 5037 -s R54R8002EJY shell monkey -p com.dreammirae.anyauth.android -c android.intent.category.LAUNCHER 1&apos; exited with code 252&apos;; Command output: args: [-p, com.dreammirae.anyauth.android, -c, android.intent.category.LAUNCHER, 1]
 arg: &quot;-p&quot;
 arg: &quot;com.dreammirae.anyauth.android&quot;
 arg: &quot;-c&quot;
 arg: &quot;android.intent.category.LAUNCHER&quot;
 arg: &quot;1&quot;
data=&quot;com.dreammirae.anyauth.android&quot;
data=&quot;android.intent.category.LAUNCHER&quot;

Build info: version: &apos;3.141.59&apos;, revision: &apos;e82be7d358&apos;, time: &apos;2018-11-14T08:17:03&apos;
System info: host: &apos;SOOSANui-MacBookAir.local&apos;, ip: &apos;fe80:0:0:0:14a8:2e5:7cd6:cc9a%en0&apos;, os.name: &apos;Mac OS X&apos;, os.arch: &apos;aarch64&apos;, os.version: &apos;13.3.1&apos;, java.version: &apos;17.0.6&apos;
Driver info: io.appium.java_client.android.AndroidDriver
Capabilities {databaseEnabled: false, desired: {deviceName: SM-G991N, platformName: android, platformversion: 12, uuid: R3CRC0MAAKN}, deviceApiLevel: 30, deviceManufacturer: samsung, deviceModel: SM-T735N, deviceName: R54R8002EJY, deviceScreenDensity: 340, deviceScreenSize: 1600x2560, deviceUDID: R54R8002EJY, javascriptEnabled: true, locationContextEnabled: false, networkConnectionEnabled: true, pixelRatio: 2.125, platform: LINUX, platformName: Android, platformVersion: 11, platformversion: 12, statBarHeight: 51, takesScreenshot: true, uuid: R3CRC0MAAKN, viewportRect: {height: 2407, left: 0, top: 51, width: 1600}, warnings: {}, webStorageEnabled: false}
Session ID: 2ef3adf0-ad83-4d8b-880c-d038b81af07c
	at java.base/jdk.internal.reflect.NativeConstructorAccessorImpl.newInstance0(Native Method)
	at java.base/jdk.internal.reflect.NativeConstructorAccessorImpl.newInstance(NativeConstructorAccessorImpl.java:77)
	at java.base/jdk.internal.reflect.DelegatingConstructorAccessorImpl.newInstance(DelegatingConstructorAccessorImpl.java:45)
	at java.base/java.lang.reflect.Constructor.newInstanceWithCaller(Constructor.java:499)
	at java.base/java.lang.reflect.Constructor.newInstance(Constructor.java:480)
	at org.openqa.selenium.remote.http.W3CHttpResponseCodec.createException(W3CHttpResponseCodec.java:187)
	at org.openqa.selenium.remote.http.W3CHttpResponseCodec.decode(W3CHttpResponseCodec.java:122)
	at org.openqa.selenium.remote.http.W3CHttpResponseCodec.decode(W3CHttpResponseCodec.java:49)
	at org.openqa.selenium.remote.HttpCommandExecutor.execute(HttpCommandExecutor.java:158)
	at io.appium.java_client.remote.AppiumCommandExecutor.execute(AppiumCommandExecutor.java:239)
	at org.openqa.selenium.remote.RemoteWebDriver.execute(RemoteWebDriver.java:552)
	at io.appium.java_client.DefaultGenericMobileDriver.execute(DefaultGenericMobileDriver.java:41)
	at io.appium.java_client.AppiumDriver.execute(AppiumDriver.java:1)
	at io.appium.java_client.android.AndroidDriver.execute(AndroidDriver.java:1)
	at io.appium.java_client.CommandExecutionHelper.execute(CommandExecutionHelper.java:27)
	at io.appium.java_client.InteractsWithApps.activateApp(InteractsWithApps.java:166)
	at io.appium.java_client.InteractsWithApps.activateApp(InteractsWithApps.java:150)
	at function.func_appium_android.activate_app(func_appium_android.java:427)
	at function.func_appium_android.login_server(func_appium_android.java:305)
	at test_case_android.A06_T06.A06_T06_case(A06_T06.java:32)
	at eWalker_SSL_VPN_V10.eWalker_SSL_VPN_Android_launch.A06_T06(eWalker_SSL_VPN_Android_launch.java:156)
	at java.base/jdk.internal.reflect.NativeMethodAccessorImpl.invoke0(Native Method)
	at java.base/jdk.internal.reflect.NativeMethodAccessorImpl.invoke(NativeMethodAccessorImpl.java:77)
	at java.base/jdk.internal.reflect.DelegatingMethodAccessorImpl.invoke(DelegatingMethodAccessorImpl.java:43)
	at java.base/java.lang.reflect.Method.invoke(Method.java:568)
	at org.testng.internal.MethodInvocationHelper.invokeMethod(MethodInvocationHelper.java:132)
	at org.testng.internal.TestInvoker.invokeMethod(TestInvoker.java:599)
	at org.testng.internal.TestInvoker.invokeTestMethod(TestInvoker.java:174)
	at org.testng.internal.MethodRunner.runInSequence(MethodRunner.java:46)
	at org.testng.internal.TestInvoker$MethodInvocationAgent.invoke(TestInvoker.java:822)
	at org.testng.internal.TestInvoker.invokeTestMethods(TestInvoker.java:147)
	at org.testng.internal.TestMethodWorker.invokeTestMethods(TestMethodWorker.java:146)
	at org.testng.internal.TestMethodWorker.run(TestMethodWorker.java:128)
	at java.base/java.util.ArrayList.forEach(ArrayList.java:1511)
	at org.testng.TestRunner.privateRun(TestRunner.java:764)
	at org.testng.TestRunner.run(TestRunner.java:585)
	at org.testng.SuiteRunner.runTest(SuiteRunner.java:384)
	at org.testng.SuiteRunner.runSequentially(SuiteRunner.java:378)
	at org.testng.SuiteRunner.privateRun(SuiteRunner.java:337)
	at org.testng.SuiteRunner.run(SuiteRunner.java:286)
	at org.testng.SuiteRunnerWorker.runSuite(SuiteRunnerWorker.java:53)
	at org.testng.SuiteRunnerWorker.run(SuiteRunnerWorker.java:96)
	at org.testng.TestNG.runSuitesSequentially(TestNG.java:1218)
	at org.testng.TestNG.runSuitesLocally(TestNG.java:1140)
	at org.testng.TestNG.runSuites(TestNG.java:1069)
	at org.testng.TestNG.run(TestNG.java:1037)
	at org.testng.remote.AbstractRemoteTestNG.run(AbstractRemoteTestNG.java:115)
	at org.testng.remote.RemoteTestNG.initAndRun(RemoteTestNG.java:251)
	at org.testng.remote.RemoteTestNG.main(RemoteTestNG.java:77)
</pre></div><a href='#' onClick='toggleBox("stack-trace639491061", this, "Click to show all stack frames", "Click to hide stack frames")'>Click to show all stack frames</a>
<div class='stack-trace' id='stack-trace639491061'><pre>org.openqa.selenium.WebDriverException: An unknown server-side error occurred while processing the command. Original error: Cannot activate &apos;com.dreammirae.anyauth.android&apos;. Original error: Error executing adbExec. Original error: &apos;Command &apos;/Users/soosanint/Library/Android/sdk/platform-tools/adb -P 5037 -s R54R8002EJY shell monkey -p com.dreammirae.anyauth.android -c android.intent.category.LAUNCHER 1&apos; exited with code 252&apos;; Command output: args: [-p, com.dreammirae.anyauth.android, -c, android.intent.category.LAUNCHER, 1]
 arg: &quot;-p&quot;
 arg: &quot;com.dreammirae.anyauth.android&quot;
 arg: &quot;-c&quot;
 arg: &quot;android.intent.category.LAUNCHER&quot;
 arg: &quot;1&quot;
data=&quot;com.dreammirae.anyauth.android&quot;
data=&quot;android.intent.category.LAUNCHER&quot;

Build info: version: &apos;3.141.59&apos;, revision: &apos;e82be7d358&apos;, time: &apos;2018-11-14T08:17:03&apos;
System info: host: &apos;SOOSANui-MacBookAir.local&apos;, ip: &apos;fe80:0:0:0:14a8:2e5:7cd6:cc9a%en0&apos;, os.name: &apos;Mac OS X&apos;, os.arch: &apos;aarch64&apos;, os.version: &apos;13.3.1&apos;, java.version: &apos;17.0.6&apos;
Driver info: io.appium.java_client.android.AndroidDriver
Capabilities {databaseEnabled: false, desired: {deviceName: SM-G991N, platformName: android, platformversion: 12, uuid: R3CRC0MAAKN}, deviceApiLevel: 30, deviceManufacturer: samsung, deviceModel: SM-T735N, deviceName: R54R8002EJY, deviceScreenDensity: 340, deviceScreenSize: 1600x2560, deviceUDID: R54R8002EJY, javascriptEnabled: true, locationContextEnabled: false, networkConnectionEnabled: true, pixelRatio: 2.125, platform: LINUX, platformName: Android, platformVersion: 11, platformversion: 12, statBarHeight: 51, takesScreenshot: true, uuid: R3CRC0MAAKN, viewportRect: {height: 2407, left: 0, top: 51, width: 1600}, warnings: {}, webStorageEnabled: false}
Session ID: 2ef3adf0-ad83-4d8b-880c-d038b81af07c
	at java.base/jdk.internal.reflect.NativeConstructorAccessorImpl.newInstance0(Native Method)
	at java.base/jdk.internal.reflect.NativeConstructorAccessorImpl.newInstance(NativeConstructorAccessorImpl.java:77)
	at java.base/jdk.internal.reflect.DelegatingConstructorAccessorImpl.newInstance(DelegatingConstructorAccessorImpl.java:45)
	at java.base/java.lang.reflect.Constructor.newInstanceWithCaller(Constructor.java:499)
	at java.base/java.lang.reflect.Constructor.newInstance(Constructor.java:480)
	at org.openqa.selenium.remote.http.W3CHttpResponseCodec.createException(W3CHttpResponseCodec.java:187)
	at org.openqa.selenium.remote.http.W3CHttpResponseCodec.decode(W3CHttpResponseCodec.java:122)
	at org.openqa.selenium.remote.http.W3CHttpResponseCodec.decode(W3CHttpResponseCodec.java:49)
	at org.openqa.selenium.remote.HttpCommandExecutor.execute(HttpCommandExecutor.java:158)
	at io.appium.java_client.remote.AppiumCommandExecutor.execute(AppiumCommandExecutor.java:239)
	at org.openqa.selenium.remote.RemoteWebDriver.execute(RemoteWebDriver.java:552)
	at io.appium.java_client.DefaultGenericMobileDriver.execute(DefaultGenericMobileDriver.java:41)
	at io.appium.java_client.AppiumDriver.execute(AppiumDriver.java:1)
	at io.appium.java_client.android.AndroidDriver.execute(AndroidDriver.java:1)
	at io.appium.java_client.CommandExecutionHelper.execute(CommandExecutionHelper.java:27)
	at io.appium.java_client.InteractsWithApps.activateApp(InteractsWithApps.java:166)
	at io.appium.java_client.InteractsWithApps.activateApp(InteractsWithApps.java:150)
	at function.func_appium_android.activate_app(func_appium_android.java:427)
	at function.func_appium_android.login_server(func_appium_android.java:305)
	at test_case_android.A06_T06.A06_T06_case(A06_T06.java:32)
	at eWalker_SSL_VPN_V10.eWalker_SSL_VPN_Android_launch.A06_T06(eWalker_SSL_VPN_Android_launch.java:156)
	at java.base/jdk.internal.reflect.NativeMethodAccessorImpl.invoke0(Native Method)
	at java.base/jdk.internal.reflect.NativeMethodAccessorImpl.invoke(NativeMethodAccessorImpl.java:77)
	at java.base/jdk.internal.reflect.DelegatingMethodAccessorImpl.invoke(DelegatingMethodAccessorImpl.java:43)
	at java.base/java.lang.reflect.Method.invoke(Method.java:568)
	at org.testng.internal.MethodInvocationHelper.invokeMethod(MethodInvocationHelper.java:132)
	at org.testng.internal.TestInvoker.invokeMethod(TestInvoker.java:599)
	at org.testng.internal.TestInvoker.invokeTestMethod(TestInvoker.java:174)
	at org.testng.internal.MethodRunner.runInSequence(MethodRunner.java:46)
	at org.testng.internal.TestInvoker$MethodInvocationAgent.invoke(TestInvoker.java:822)
	at org.testng.internal.TestInvoker.invokeTestMethods(TestInvoker.java:147)
	at org.testng.internal.TestMethodWorker.invokeTestMethods(TestMethodWorker.java:146)
	at org.testng.internal.TestMethodWorker.run(TestMethodWorker.java:128)
	at java.base/java.util.ArrayList.forEach(ArrayList.java:1511)
	at org.testng.TestRunner.privateRun(TestRunner.java:764)
	at org.testng.TestRunner.run(TestRunner.java:585)
	at org.testng.SuiteRunner.runTest(SuiteRunner.java:384)
	at org.testng.SuiteRunner.runSequentially(SuiteRunner.java:378)
	at org.testng.SuiteRunner.privateRun(SuiteRunner.java:337)
	at org.testng.SuiteRunner.run(SuiteRunner.java:286)
	at org.testng.SuiteRunnerWorker.runSuite(SuiteRunnerWorker.java:53)
	at org.testng.SuiteRunnerWorker.run(SuiteRunnerWorker.java:96)
	at org.testng.TestNG.runSuitesSequentially(TestNG.java:1218)
	at org.testng.TestNG.runSuitesLocally(TestNG.java:1140)
	at org.testng.TestNG.runSuites(TestNG.java:1069)
	at org.testng.TestNG.run(TestNG.java:1037)
	at org.testng.remote.AbstractRemoteTestNG.run(AbstractRemoteTestNG.java:115)
	at org.testng.remote.RemoteTestNG.initAndRun(RemoteTestNG.java:251)
	at org.testng.remote.RemoteTestNG.main(RemoteTestNG.java:77)
</pre></div></td>
<td>33</td>
<td>eWalker_SSL_VPN_V10.eWalker_SSL_VPN_Android_launch@6631f5ca</td></tr>
<tr>
<td title='eWalker_SSL_VPN_V10.eWalker_SSL_VPN_Android_launch.A07_T05()'><b>A07_T05</b><br>Test class: eWalker_SSL_VPN_V10.eWalker_SSL_VPN_Android_launch</td>
<td><div><pre>org.openqa.selenium.WebDriverException: An unknown server-side error occurred while processing the command. Original error: Cannot activate &apos;com.dreammirae.anyauth.android&apos;. Original error: Error executing adbExec. Original error: &apos;Command &apos;/Users/soosanint/Library/Android/sdk/platform-tools/adb -P 5037 -s R54R8002EJY shell monkey -p com.dreammirae.anyauth.android -c android.intent.category.LAUNCHER 1&apos; exited with code 252&apos;; Command output: args: [-p, com.dreammirae.anyauth.android, -c, android.intent.category.LAUNCHER, 1]
 arg: &quot;-p&quot;
 arg: &quot;com.dreammirae.anyauth.android&quot;
 arg: &quot;-c&quot;
 arg: &quot;android.intent.category.LAUNCHER&quot;
 arg: &quot;1&quot;
data=&quot;com.dreammirae.anyauth.android&quot;
data=&quot;android.intent.category.LAUNCHER&quot;

Build info: version: &apos;3.141.59&apos;, revision: &apos;e82be7d358&apos;, time: &apos;2018-11-14T08:17:03&apos;
System info: host: &apos;SOOSANui-MacBookAir.local&apos;, ip: &apos;fe80:0:0:0:14a8:2e5:7cd6:cc9a%en0&apos;, os.name: &apos;Mac OS X&apos;, os.arch: &apos;aarch64&apos;, os.version: &apos;13.3.1&apos;, java.version: &apos;17.0.6&apos;
Driver info: io.appium.java_client.android.AndroidDriver
Capabilities {databaseEnabled: false, desired: {deviceName: SM-G991N, platformName: android, platformversion: 12, uuid: R3CRC0MAAKN}, deviceApiLevel: 30, deviceManufacturer: samsung, deviceModel: SM-T735N, deviceName: R54R8002EJY, deviceScreenDensity: 340, deviceScreenSize: 1600x2560, deviceUDID: R54R8002EJY, javascriptEnabled: true, locationContextEnabled: false, networkConnectionEnabled: true, pixelRatio: 2.125, platform: LINUX, platformName: Android, platformVersion: 11, platformversion: 12, statBarHeight: 51, takesScreenshot: true, uuid: R3CRC0MAAKN, viewportRect: {height: 2407, left: 0, top: 51, width: 1600}, warnings: {}, webStorageEnabled: false}
Session ID: 2ef3adf0-ad83-4d8b-880c-d038b81af07c
	at java.base/jdk.internal.reflect.NativeConstructorAccessorImpl.newInstance0(Native Method)
	at java.base/jdk.internal.reflect.NativeConstructorAccessorImpl.newInstance(NativeConstructorAccessorImpl.java:77)
	at java.base/jdk.internal.reflect.DelegatingConstructorAccessorImpl.newInstance(DelegatingConstructorAccessorImpl.java:45)
	at java.base/java.lang.reflect.Constructor.newInstanceWithCaller(Constructor.java:499)
	at java.base/java.lang.reflect.Constructor.newInstance(Constructor.java:480)
	at org.openqa.selenium.remote.http.W3CHttpResponseCodec.createException(W3CHttpResponseCodec.java:187)
	at org.openqa.selenium.remote.http.W3CHttpResponseCodec.decode(W3CHttpResponseCodec.java:122)
	at org.openqa.selenium.remote.http.W3CHttpResponseCodec.decode(W3CHttpResponseCodec.java:49)
	at org.openqa.selenium.remote.HttpCommandExecutor.execute(HttpCommandExecutor.java:158)
	at io.appium.java_client.remote.AppiumCommandExecutor.execute(AppiumCommandExecutor.java:239)
	at org.openqa.selenium.remote.RemoteWebDriver.execute(RemoteWebDriver.java:552)
	at io.appium.java_client.DefaultGenericMobileDriver.execute(DefaultGenericMobileDriver.java:41)
	at io.appium.java_client.AppiumDriver.execute(AppiumDriver.java:1)
	at io.appium.java_client.android.AndroidDriver.execute(AndroidDriver.java:1)
	at io.appium.java_client.CommandExecutionHelper.execute(CommandExecutionHelper.java:27)
	at io.appium.java_client.InteractsWithApps.activateApp(InteractsWithApps.java:166)
	at io.appium.java_client.InteractsWithApps.activateApp(InteractsWithApps.java:150)
	at function.func_appium_android.activate_app(func_appium_android.java:427)
	at function.func_appium_android.login_server(func_appium_android.java:305)
	at test_case_android.A07_T05.A07_T05_case(A07_T05.java:32)
	at eWalker_SSL_VPN_V10.eWalker_SSL_VPN_Android_launch.A07_T05(eWalker_SSL_VPN_Android_launch.java:180)
	at java.base/jdk.internal.reflect.NativeMethodAccessorImpl.invoke0(Native Method)
	at java.base/jdk.internal.reflect.NativeMethodAccessorImpl.invoke(NativeMethodAccessorImpl.java:77)
	at java.base/jdk.internal.reflect.DelegatingMethodAccessorImpl.invoke(DelegatingMethodAccessorImpl.java:43)
	at java.base/java.lang.reflect.Method.invoke(Method.java:568)
	at org.testng.internal.MethodInvocationHelper.invokeMethod(MethodInvocationHelper.java:132)
	at org.testng.internal.TestInvoker.invokeMethod(TestInvoker.java:599)
	at org.testng.internal.TestInvoker.invokeTestMethod(TestInvoker.java:174)
	at org.testng.internal.MethodRunner.runInSequence(MethodRunner.java:46)
	at org.testng.internal.TestInvoker$MethodInvocationAgent.invoke(TestInvoker.java:822)
	at org.testng.internal.TestInvoker.invokeTestMethods(TestInvoker.java:147)
	at org.testng.internal.TestMethodWorker.invokeTestMethods(TestMethodWorker.java:146)
	at org.testng.internal.TestMethodWorker.run(TestMethodWorker.java:128)
	at java.base/java.util.ArrayList.forEach(ArrayList.java:1511)
	at org.testng.TestRunner.privateRun(TestRunner.java:764)
	at org.testng.TestRunner.run(TestRunner.java:585)
	at org.testng.SuiteRunner.runTest(SuiteRunner.java:384)
	at org.testng.SuiteRunner.runSequentially(SuiteRunner.java:378)
	at org.testng.SuiteRunner.privateRun(SuiteRunner.java:337)
	at org.testng.SuiteRunner.run(SuiteRunner.java:286)
	at org.testng.SuiteRunnerWorker.runSuite(SuiteRunnerWorker.java:53)
	at org.testng.SuiteRunnerWorker.run(SuiteRunnerWorker.java:96)
	at org.testng.TestNG.runSuitesSequentially(TestNG.java:1218)
	at org.testng.TestNG.runSuitesLocally(TestNG.java:1140)
	at org.testng.TestNG.runSuites(TestNG.java:1069)
	at org.testng.TestNG.run(TestNG.java:1037)
	at org.testng.remote.AbstractRemoteTestNG.run(AbstractRemoteTestNG.java:115)
	at org.testng.remote.RemoteTestNG.initAndRun(RemoteTestNG.java:251)
	at org.testng.remote.RemoteTestNG.main(RemoteTestNG.java:77)
</pre></div><a href='#' onClick='toggleBox("stack-trace1648270119", this, "Click to show all stack frames", "Click to hide stack frames")'>Click to show all stack frames</a>
<div class='stack-trace' id='stack-trace1648270119'><pre>org.openqa.selenium.WebDriverException: An unknown server-side error occurred while processing the command. Original error: Cannot activate &apos;com.dreammirae.anyauth.android&apos;. Original error: Error executing adbExec. Original error: &apos;Command &apos;/Users/soosanint/Library/Android/sdk/platform-tools/adb -P 5037 -s R54R8002EJY shell monkey -p com.dreammirae.anyauth.android -c android.intent.category.LAUNCHER 1&apos; exited with code 252&apos;; Command output: args: [-p, com.dreammirae.anyauth.android, -c, android.intent.category.LAUNCHER, 1]
 arg: &quot;-p&quot;
 arg: &quot;com.dreammirae.anyauth.android&quot;
 arg: &quot;-c&quot;
 arg: &quot;android.intent.category.LAUNCHER&quot;
 arg: &quot;1&quot;
data=&quot;com.dreammirae.anyauth.android&quot;
data=&quot;android.intent.category.LAUNCHER&quot;

Build info: version: &apos;3.141.59&apos;, revision: &apos;e82be7d358&apos;, time: &apos;2018-11-14T08:17:03&apos;
System info: host: &apos;SOOSANui-MacBookAir.local&apos;, ip: &apos;fe80:0:0:0:14a8:2e5:7cd6:cc9a%en0&apos;, os.name: &apos;Mac OS X&apos;, os.arch: &apos;aarch64&apos;, os.version: &apos;13.3.1&apos;, java.version: &apos;17.0.6&apos;
Driver info: io.appium.java_client.android.AndroidDriver
Capabilities {databaseEnabled: false, desired: {deviceName: SM-G991N, platformName: android, platformversion: 12, uuid: R3CRC0MAAKN}, deviceApiLevel: 30, deviceManufacturer: samsung, deviceModel: SM-T735N, deviceName: R54R8002EJY, deviceScreenDensity: 340, deviceScreenSize: 1600x2560, deviceUDID: R54R8002EJY, javascriptEnabled: true, locationContextEnabled: false, networkConnectionEnabled: true, pixelRatio: 2.125, platform: LINUX, platformName: Android, platformVersion: 11, platformversion: 12, statBarHeight: 51, takesScreenshot: true, uuid: R3CRC0MAAKN, viewportRect: {height: 2407, left: 0, top: 51, width: 1600}, warnings: {}, webStorageEnabled: false}
Session ID: 2ef3adf0-ad83-4d8b-880c-d038b81af07c
	at java.base/jdk.internal.reflect.NativeConstructorAccessorImpl.newInstance0(Native Method)
	at java.base/jdk.internal.reflect.NativeConstructorAccessorImpl.newInstance(NativeConstructorAccessorImpl.java:77)
	at java.base/jdk.internal.reflect.DelegatingConstructorAccessorImpl.newInstance(DelegatingConstructorAccessorImpl.java:45)
	at java.base/java.lang.reflect.Constructor.newInstanceWithCaller(Constructor.java:499)
	at java.base/java.lang.reflect.Constructor.newInstance(Constructor.java:480)
	at org.openqa.selenium.remote.http.W3CHttpResponseCodec.createException(W3CHttpResponseCodec.java:187)
	at org.openqa.selenium.remote.http.W3CHttpResponseCodec.decode(W3CHttpResponseCodec.java:122)
	at org.openqa.selenium.remote.http.W3CHttpResponseCodec.decode(W3CHttpResponseCodec.java:49)
	at org.openqa.selenium.remote.HttpCommandExecutor.execute(HttpCommandExecutor.java:158)
	at io.appium.java_client.remote.AppiumCommandExecutor.execute(AppiumCommandExecutor.java:239)
	at org.openqa.selenium.remote.RemoteWebDriver.execute(RemoteWebDriver.java:552)
	at io.appium.java_client.DefaultGenericMobileDriver.execute(DefaultGenericMobileDriver.java:41)
	at io.appium.java_client.AppiumDriver.execute(AppiumDriver.java:1)
	at io.appium.java_client.android.AndroidDriver.execute(AndroidDriver.java:1)
	at io.appium.java_client.CommandExecutionHelper.execute(CommandExecutionHelper.java:27)
	at io.appium.java_client.InteractsWithApps.activateApp(InteractsWithApps.java:166)
	at io.appium.java_client.InteractsWithApps.activateApp(InteractsWithApps.java:150)
	at function.func_appium_android.activate_app(func_appium_android.java:427)
	at function.func_appium_android.login_server(func_appium_android.java:305)
	at test_case_android.A07_T05.A07_T05_case(A07_T05.java:32)
	at eWalker_SSL_VPN_V10.eWalker_SSL_VPN_Android_launch.A07_T05(eWalker_SSL_VPN_Android_launch.java:180)
	at java.base/jdk.internal.reflect.NativeMethodAccessorImpl.invoke0(Native Method)
	at java.base/jdk.internal.reflect.NativeMethodAccessorImpl.invoke(NativeMethodAccessorImpl.java:77)
	at java.base/jdk.internal.reflect.DelegatingMethodAccessorImpl.invoke(DelegatingMethodAccessorImpl.java:43)
	at java.base/java.lang.reflect.Method.invoke(Method.java:568)
	at org.testng.internal.MethodInvocationHelper.invokeMethod(MethodInvocationHelper.java:132)
	at org.testng.internal.TestInvoker.invokeMethod(TestInvoker.java:599)
	at org.testng.internal.TestInvoker.invokeTestMethod(TestInvoker.java:174)
	at org.testng.internal.MethodRunner.runInSequence(MethodRunner.java:46)
	at org.testng.internal.TestInvoker$MethodInvocationAgent.invoke(TestInvoker.java:822)
	at org.testng.internal.TestInvoker.invokeTestMethods(TestInvoker.java:147)
	at org.testng.internal.TestMethodWorker.invokeTestMethods(TestMethodWorker.java:146)
	at org.testng.internal.TestMethodWorker.run(TestMethodWorker.java:128)
	at java.base/java.util.ArrayList.forEach(ArrayList.java:1511)
	at org.testng.TestRunner.privateRun(TestRunner.java:764)
	at org.testng.TestRunner.run(TestRunner.java:585)
	at org.testng.SuiteRunner.runTest(SuiteRunner.java:384)
	at org.testng.SuiteRunner.runSequentially(SuiteRunner.java:378)
	at org.testng.SuiteRunner.privateRun(SuiteRunner.java:337)
	at org.testng.SuiteRunner.run(SuiteRunner.java:286)
	at org.testng.SuiteRunnerWorker.runSuite(SuiteRunnerWorker.java:53)
	at org.testng.SuiteRunnerWorker.run(SuiteRunnerWorker.java:96)
	at org.testng.TestNG.runSuitesSequentially(TestNG.java:1218)
	at org.testng.TestNG.runSuitesLocally(TestNG.java:1140)
	at org.testng.TestNG.runSuites(TestNG.java:1069)
	at org.testng.TestNG.run(TestNG.java:1037)
	at org.testng.remote.AbstractRemoteTestNG.run(AbstractRemoteTestNG.java:115)
	at org.testng.remote.RemoteTestNG.initAndRun(RemoteTestNG.java:251)
	at org.testng.remote.RemoteTestNG.main(RemoteTestNG.java:77)
</pre></div></td>
<td>33</td>
<td>eWalker_SSL_VPN_V10.eWalker_SSL_VPN_Android_launch@6631f5ca</td></tr>
<tr>
<td title='eWalker_SSL_VPN_V10.eWalker_SSL_VPN_Android_launch.A08_T05()'><b>A08_T05</b><br>Test class: eWalker_SSL_VPN_V10.eWalker_SSL_VPN_Android_launch</td>
<td><div><pre>org.openqa.selenium.WebDriverException: An unknown server-side error occurred while processing the command. Original error: Cannot activate &apos;com.dreammirae.anyauth.android&apos;. Original error: Error executing adbExec. Original error: &apos;Command &apos;/Users/soosanint/Library/Android/sdk/platform-tools/adb -P 5037 -s R54R8002EJY shell monkey -p com.dreammirae.anyauth.android -c android.intent.category.LAUNCHER 1&apos; exited with code 252&apos;; Command output: args: [-p, com.dreammirae.anyauth.android, -c, android.intent.category.LAUNCHER, 1]
 arg: &quot;-p&quot;
 arg: &quot;com.dreammirae.anyauth.android&quot;
 arg: &quot;-c&quot;
 arg: &quot;android.intent.category.LAUNCHER&quot;
 arg: &quot;1&quot;
data=&quot;com.dreammirae.anyauth.android&quot;
data=&quot;android.intent.category.LAUNCHER&quot;

Build info: version: &apos;3.141.59&apos;, revision: &apos;e82be7d358&apos;, time: &apos;2018-11-14T08:17:03&apos;
System info: host: &apos;SOOSANui-MacBookAir.local&apos;, ip: &apos;fe80:0:0:0:14a8:2e5:7cd6:cc9a%en0&apos;, os.name: &apos;Mac OS X&apos;, os.arch: &apos;aarch64&apos;, os.version: &apos;13.3.1&apos;, java.version: &apos;17.0.6&apos;
Driver info: io.appium.java_client.android.AndroidDriver
Capabilities {databaseEnabled: false, desired: {deviceName: SM-G991N, platformName: android, platformversion: 12, uuid: R3CRC0MAAKN}, deviceApiLevel: 30, deviceManufacturer: samsung, deviceModel: SM-T735N, deviceName: R54R8002EJY, deviceScreenDensity: 340, deviceScreenSize: 1600x2560, deviceUDID: R54R8002EJY, javascriptEnabled: true, locationContextEnabled: false, networkConnectionEnabled: true, pixelRatio: 2.125, platform: LINUX, platformName: Android, platformVersion: 11, platformversion: 12, statBarHeight: 51, takesScreenshot: true, uuid: R3CRC0MAAKN, viewportRect: {height: 2407, left: 0, top: 51, width: 1600}, warnings: {}, webStorageEnabled: false}
Session ID: 2ef3adf0-ad83-4d8b-880c-d038b81af07c
	at java.base/jdk.internal.reflect.NativeConstructorAccessorImpl.newInstance0(Native Method)
	at java.base/jdk.internal.reflect.NativeConstructorAccessorImpl.newInstance(NativeConstructorAccessorImpl.java:77)
	at java.base/jdk.internal.reflect.DelegatingConstructorAccessorImpl.newInstance(DelegatingConstructorAccessorImpl.java:45)
	at java.base/java.lang.reflect.Constructor.newInstanceWithCaller(Constructor.java:499)
	at java.base/java.lang.reflect.Constructor.newInstance(Constructor.java:480)
	at org.openqa.selenium.remote.http.W3CHttpResponseCodec.createException(W3CHttpResponseCodec.java:187)
	at org.openqa.selenium.remote.http.W3CHttpResponseCodec.decode(W3CHttpResponseCodec.java:122)
	at org.openqa.selenium.remote.http.W3CHttpResponseCodec.decode(W3CHttpResponseCodec.java:49)
	at org.openqa.selenium.remote.HttpCommandExecutor.execute(HttpCommandExecutor.java:158)
	at io.appium.java_client.remote.AppiumCommandExecutor.execute(AppiumCommandExecutor.java:239)
	at org.openqa.selenium.remote.RemoteWebDriver.execute(RemoteWebDriver.java:552)
	at io.appium.java_client.DefaultGenericMobileDriver.execute(DefaultGenericMobileDriver.java:41)
	at io.appium.java_client.AppiumDriver.execute(AppiumDriver.java:1)
	at io.appium.java_client.android.AndroidDriver.execute(AndroidDriver.java:1)
	at io.appium.java_client.CommandExecutionHelper.execute(CommandExecutionHelper.java:27)
	at io.appium.java_client.InteractsWithApps.activateApp(InteractsWithApps.java:166)
	at io.appium.java_client.InteractsWithApps.activateApp(InteractsWithApps.java:150)
	at function.func_appium_android.activate_app(func_appium_android.java:427)
	at function.func_appium_android.login_server(func_appium_android.java:305)
	at test_case_android.A08_T05.A08_T05_case(A08_T05.java:33)
	at eWalker_SSL_VPN_V10.eWalker_SSL_VPN_Android_launch.A08_T05(eWalker_SSL_VPN_Android_launch.java:198)
	at java.base/jdk.internal.reflect.NativeMethodAccessorImpl.invoke0(Native Method)
	at java.base/jdk.internal.reflect.NativeMethodAccessorImpl.invoke(NativeMethodAccessorImpl.java:77)
	at java.base/jdk.internal.reflect.DelegatingMethodAccessorImpl.invoke(DelegatingMethodAccessorImpl.java:43)
	at java.base/java.lang.reflect.Method.invoke(Method.java:568)
	at org.testng.internal.MethodInvocationHelper.invokeMethod(MethodInvocationHelper.java:132)
	at org.testng.internal.TestInvoker.invokeMethod(TestInvoker.java:599)
	at org.testng.internal.TestInvoker.invokeTestMethod(TestInvoker.java:174)
	at org.testng.internal.MethodRunner.runInSequence(MethodRunner.java:46)
	at org.testng.internal.TestInvoker$MethodInvocationAgent.invoke(TestInvoker.java:822)
	at org.testng.internal.TestInvoker.invokeTestMethods(TestInvoker.java:147)
	at org.testng.internal.TestMethodWorker.invokeTestMethods(TestMethodWorker.java:146)
	at org.testng.internal.TestMethodWorker.run(TestMethodWorker.java:128)
	at java.base/java.util.ArrayList.forEach(ArrayList.java:1511)
	at org.testng.TestRunner.privateRun(TestRunner.java:764)
	at org.testng.TestRunner.run(TestRunner.java:585)
	at org.testng.SuiteRunner.runTest(SuiteRunner.java:384)
	at org.testng.SuiteRunner.runSequentially(SuiteRunner.java:378)
	at org.testng.SuiteRunner.privateRun(SuiteRunner.java:337)
	at org.testng.SuiteRunner.run(SuiteRunner.java:286)
	at org.testng.SuiteRunnerWorker.runSuite(SuiteRunnerWorker.java:53)
	at org.testng.SuiteRunnerWorker.run(SuiteRunnerWorker.java:96)
	at org.testng.TestNG.runSuitesSequentially(TestNG.java:1218)
	at org.testng.TestNG.runSuitesLocally(TestNG.java:1140)
	at org.testng.TestNG.runSuites(TestNG.java:1069)
	at org.testng.TestNG.run(TestNG.java:1037)
	at org.testng.remote.AbstractRemoteTestNG.run(AbstractRemoteTestNG.java:115)
	at org.testng.remote.RemoteTestNG.initAndRun(RemoteTestNG.java:251)
	at org.testng.remote.RemoteTestNG.main(RemoteTestNG.java:77)
</pre></div><a href='#' onClick='toggleBox("stack-trace1539382844", this, "Click to show all stack frames", "Click to hide stack frames")'>Click to show all stack frames</a>
<div class='stack-trace' id='stack-trace1539382844'><pre>org.openqa.selenium.WebDriverException: An unknown server-side error occurred while processing the command. Original error: Cannot activate &apos;com.dreammirae.anyauth.android&apos;. Original error: Error executing adbExec. Original error: &apos;Command &apos;/Users/soosanint/Library/Android/sdk/platform-tools/adb -P 5037 -s R54R8002EJY shell monkey -p com.dreammirae.anyauth.android -c android.intent.category.LAUNCHER 1&apos; exited with code 252&apos;; Command output: args: [-p, com.dreammirae.anyauth.android, -c, android.intent.category.LAUNCHER, 1]
 arg: &quot;-p&quot;
 arg: &quot;com.dreammirae.anyauth.android&quot;
 arg: &quot;-c&quot;
 arg: &quot;android.intent.category.LAUNCHER&quot;
 arg: &quot;1&quot;
data=&quot;com.dreammirae.anyauth.android&quot;
data=&quot;android.intent.category.LAUNCHER&quot;

Build info: version: &apos;3.141.59&apos;, revision: &apos;e82be7d358&apos;, time: &apos;2018-11-14T08:17:03&apos;
System info: host: &apos;SOOSANui-MacBookAir.local&apos;, ip: &apos;fe80:0:0:0:14a8:2e5:7cd6:cc9a%en0&apos;, os.name: &apos;Mac OS X&apos;, os.arch: &apos;aarch64&apos;, os.version: &apos;13.3.1&apos;, java.version: &apos;17.0.6&apos;
Driver info: io.appium.java_client.android.AndroidDriver
Capabilities {databaseEnabled: false, desired: {deviceName: SM-G991N, platformName: android, platformversion: 12, uuid: R3CRC0MAAKN}, deviceApiLevel: 30, deviceManufacturer: samsung, deviceModel: SM-T735N, deviceName: R54R8002EJY, deviceScreenDensity: 340, deviceScreenSize: 1600x2560, deviceUDID: R54R8002EJY, javascriptEnabled: true, locationContextEnabled: false, networkConnectionEnabled: true, pixelRatio: 2.125, platform: LINUX, platformName: Android, platformVersion: 11, platformversion: 12, statBarHeight: 51, takesScreenshot: true, uuid: R3CRC0MAAKN, viewportRect: {height: 2407, left: 0, top: 51, width: 1600}, warnings: {}, webStorageEnabled: false}
Session ID: 2ef3adf0-ad83-4d8b-880c-d038b81af07c
	at java.base/jdk.internal.reflect.NativeConstructorAccessorImpl.newInstance0(Native Method)
	at java.base/jdk.internal.reflect.NativeConstructorAccessorImpl.newInstance(NativeConstructorAccessorImpl.java:77)
	at java.base/jdk.internal.reflect.DelegatingConstructorAccessorImpl.newInstance(DelegatingConstructorAccessorImpl.java:45)
	at java.base/java.lang.reflect.Constructor.newInstanceWithCaller(Constructor.java:499)
	at java.base/java.lang.reflect.Constructor.newInstance(Constructor.java:480)
	at org.openqa.selenium.remote.http.W3CHttpResponseCodec.createException(W3CHttpResponseCodec.java:187)
	at org.openqa.selenium.remote.http.W3CHttpResponseCodec.decode(W3CHttpResponseCodec.java:122)
	at org.openqa.selenium.remote.http.W3CHttpResponseCodec.decode(W3CHttpResponseCodec.java:49)
	at org.openqa.selenium.remote.HttpCommandExecutor.execute(HttpCommandExecutor.java:158)
	at io.appium.java_client.remote.AppiumCommandExecutor.execute(AppiumCommandExecutor.java:239)
	at org.openqa.selenium.remote.RemoteWebDriver.execute(RemoteWebDriver.java:552)
	at io.appium.java_client.DefaultGenericMobileDriver.execute(DefaultGenericMobileDriver.java:41)
	at io.appium.java_client.AppiumDriver.execute(AppiumDriver.java:1)
	at io.appium.java_client.android.AndroidDriver.execute(AndroidDriver.java:1)
	at io.appium.java_client.CommandExecutionHelper.execute(CommandExecutionHelper.java:27)
	at io.appium.java_client.InteractsWithApps.activateApp(InteractsWithApps.java:166)
	at io.appium.java_client.InteractsWithApps.activateApp(InteractsWithApps.java:150)
	at function.func_appium_android.activate_app(func_appium_android.java:427)
	at function.func_appium_android.login_server(func_appium_android.java:305)
	at test_case_android.A08_T05.A08_T05_case(A08_T05.java:33)
	at eWalker_SSL_VPN_V10.eWalker_SSL_VPN_Android_launch.A08_T05(eWalker_SSL_VPN_Android_launch.java:198)
	at java.base/jdk.internal.reflect.NativeMethodAccessorImpl.invoke0(Native Method)
	at java.base/jdk.internal.reflect.NativeMethodAccessorImpl.invoke(NativeMethodAccessorImpl.java:77)
	at java.base/jdk.internal.reflect.DelegatingMethodAccessorImpl.invoke(DelegatingMethodAccessorImpl.java:43)
	at java.base/java.lang.reflect.Method.invoke(Method.java:568)
	at org.testng.internal.MethodInvocationHelper.invokeMethod(MethodInvocationHelper.java:132)
	at org.testng.internal.TestInvoker.invokeMethod(TestInvoker.java:599)
	at org.testng.internal.TestInvoker.invokeTestMethod(TestInvoker.java:174)
	at org.testng.internal.MethodRunner.runInSequence(MethodRunner.java:46)
	at org.testng.internal.TestInvoker$MethodInvocationAgent.invoke(TestInvoker.java:822)
	at org.testng.internal.TestInvoker.invokeTestMethods(TestInvoker.java:147)
	at org.testng.internal.TestMethodWorker.invokeTestMethods(TestMethodWorker.java:146)
	at org.testng.internal.TestMethodWorker.run(TestMethodWorker.java:128)
	at java.base/java.util.ArrayList.forEach(ArrayList.java:1511)
	at org.testng.TestRunner.privateRun(TestRunner.java:764)
	at org.testng.TestRunner.run(TestRunner.java:585)
	at org.testng.SuiteRunner.runTest(SuiteRunner.java:384)
	at org.testng.SuiteRunner.runSequentially(SuiteRunner.java:378)
	at org.testng.SuiteRunner.privateRun(SuiteRunner.java:337)
	at org.testng.SuiteRunner.run(SuiteRunner.java:286)
	at org.testng.SuiteRunnerWorker.runSuite(SuiteRunnerWorker.java:53)
	at org.testng.SuiteRunnerWorker.run(SuiteRunnerWorker.java:96)
	at org.testng.TestNG.runSuitesSequentially(TestNG.java:1218)
	at org.testng.TestNG.runSuitesLocally(TestNG.java:1140)
	at org.testng.TestNG.runSuites(TestNG.java:1069)
	at org.testng.TestNG.run(TestNG.java:1037)
	at org.testng.remote.AbstractRemoteTestNG.run(AbstractRemoteTestNG.java:115)
	at org.testng.remote.RemoteTestNG.initAndRun(RemoteTestNG.java:251)
	at org.testng.remote.RemoteTestNG.main(RemoteTestNG.java:77)
</pre></div></td>
<td>32</td>
<td>eWalker_SSL_VPN_V10.eWalker_SSL_VPN_Android_launch@6631f5ca</td></tr>
<tr>
<td title='eWalker_SSL_VPN_V10.eWalker_SSL_VPN_Android_launch.A09_T05()'><b>A09_T05</b><br>Test class: eWalker_SSL_VPN_V10.eWalker_SSL_VPN_Android_launch</td>
<td><div><pre>org.openqa.selenium.WebDriverException: An unknown server-side error occurred while processing the command. Original error: Cannot activate &apos;com.dreammirae.anyauth.android&apos;. Original error: Error executing adbExec. Original error: &apos;Command &apos;/Users/soosanint/Library/Android/sdk/platform-tools/adb -P 5037 -s R54R8002EJY shell monkey -p com.dreammirae.anyauth.android -c android.intent.category.LAUNCHER 1&apos; exited with code 252&apos;; Command output: args: [-p, com.dreammirae.anyauth.android, -c, android.intent.category.LAUNCHER, 1]
 arg: &quot;-p&quot;
 arg: &quot;com.dreammirae.anyauth.android&quot;
 arg: &quot;-c&quot;
 arg: &quot;android.intent.category.LAUNCHER&quot;
 arg: &quot;1&quot;
data=&quot;com.dreammirae.anyauth.android&quot;
data=&quot;android.intent.category.LAUNCHER&quot;

Build info: version: &apos;3.141.59&apos;, revision: &apos;e82be7d358&apos;, time: &apos;2018-11-14T08:17:03&apos;
System info: host: &apos;SOOSANui-MacBookAir.local&apos;, ip: &apos;fe80:0:0:0:14a8:2e5:7cd6:cc9a%en0&apos;, os.name: &apos;Mac OS X&apos;, os.arch: &apos;aarch64&apos;, os.version: &apos;13.3.1&apos;, java.version: &apos;17.0.6&apos;
Driver info: io.appium.java_client.android.AndroidDriver
Capabilities {databaseEnabled: false, desired: {deviceName: SM-G991N, platformName: android, platformversion: 12, uuid: R3CRC0MAAKN}, deviceApiLevel: 30, deviceManufacturer: samsung, deviceModel: SM-T735N, deviceName: R54R8002EJY, deviceScreenDensity: 340, deviceScreenSize: 1600x2560, deviceUDID: R54R8002EJY, javascriptEnabled: true, locationContextEnabled: false, networkConnectionEnabled: true, pixelRatio: 2.125, platform: LINUX, platformName: Android, platformVersion: 11, platformversion: 12, statBarHeight: 51, takesScreenshot: true, uuid: R3CRC0MAAKN, viewportRect: {height: 2407, left: 0, top: 51, width: 1600}, warnings: {}, webStorageEnabled: false}
Session ID: 2ef3adf0-ad83-4d8b-880c-d038b81af07c
	at java.base/jdk.internal.reflect.NativeConstructorAccessorImpl.newInstance0(Native Method)
	at java.base/jdk.internal.reflect.NativeConstructorAccessorImpl.newInstance(NativeConstructorAccessorImpl.java:77)
	at java.base/jdk.internal.reflect.DelegatingConstructorAccessorImpl.newInstance(DelegatingConstructorAccessorImpl.java:45)
	at java.base/java.lang.reflect.Constructor.newInstanceWithCaller(Constructor.java:499)
	at java.base/java.lang.reflect.Constructor.newInstance(Constructor.java:480)
	at org.openqa.selenium.remote.http.W3CHttpResponseCodec.createException(W3CHttpResponseCodec.java:187)
	at org.openqa.selenium.remote.http.W3CHttpResponseCodec.decode(W3CHttpResponseCodec.java:122)
	at org.openqa.selenium.remote.http.W3CHttpResponseCodec.decode(W3CHttpResponseCodec.java:49)
	at org.openqa.selenium.remote.HttpCommandExecutor.execute(HttpCommandExecutor.java:158)
	at io.appium.java_client.remote.AppiumCommandExecutor.execute(AppiumCommandExecutor.java:239)
	at org.openqa.selenium.remote.RemoteWebDriver.execute(RemoteWebDriver.java:552)
	at io.appium.java_client.DefaultGenericMobileDriver.execute(DefaultGenericMobileDriver.java:41)
	at io.appium.java_client.AppiumDriver.execute(AppiumDriver.java:1)
	at io.appium.java_client.android.AndroidDriver.execute(AndroidDriver.java:1)
	at io.appium.java_client.CommandExecutionHelper.execute(CommandExecutionHelper.java:27)
	at io.appium.java_client.InteractsWithApps.activateApp(InteractsWithApps.java:166)
	at io.appium.java_client.InteractsWithApps.activateApp(InteractsWithApps.java:150)
	at function.func_appium_android.activate_app(func_appium_android.java:427)
	at function.func_appium_android.login_server(func_appium_android.java:305)
	at test_case_android.A09_T05.A09_T05_case(A09_T05.java:32)
	at eWalker_SSL_VPN_V10.eWalker_SSL_VPN_Android_launch.A09_T05(eWalker_SSL_VPN_Android_launch.java:222)
	at java.base/jdk.internal.reflect.NativeMethodAccessorImpl.invoke0(Native Method)
	at java.base/jdk.internal.reflect.NativeMethodAccessorImpl.invoke(NativeMethodAccessorImpl.java:77)
	at java.base/jdk.internal.reflect.DelegatingMethodAccessorImpl.invoke(DelegatingMethodAccessorImpl.java:43)
	at java.base/java.lang.reflect.Method.invoke(Method.java:568)
	at org.testng.internal.MethodInvocationHelper.invokeMethod(MethodInvocationHelper.java:132)
	at org.testng.internal.TestInvoker.invokeMethod(TestInvoker.java:599)
	at org.testng.internal.TestInvoker.invokeTestMethod(TestInvoker.java:174)
	at org.testng.internal.MethodRunner.runInSequence(MethodRunner.java:46)
	at org.testng.internal.TestInvoker$MethodInvocationAgent.invoke(TestInvoker.java:822)
	at org.testng.internal.TestInvoker.invokeTestMethods(TestInvoker.java:147)
	at org.testng.internal.TestMethodWorker.invokeTestMethods(TestMethodWorker.java:146)
	at org.testng.internal.TestMethodWorker.run(TestMethodWorker.java:128)
	at java.base/java.util.ArrayList.forEach(ArrayList.java:1511)
	at org.testng.TestRunner.privateRun(TestRunner.java:764)
	at org.testng.TestRunner.run(TestRunner.java:585)
	at org.testng.SuiteRunner.runTest(SuiteRunner.java:384)
	at org.testng.SuiteRunner.runSequentially(SuiteRunner.java:378)
	at org.testng.SuiteRunner.privateRun(SuiteRunner.java:337)
	at org.testng.SuiteRunner.run(SuiteRunner.java:286)
	at org.testng.SuiteRunnerWorker.runSuite(SuiteRunnerWorker.java:53)
	at org.testng.SuiteRunnerWorker.run(SuiteRunnerWorker.java:96)
	at org.testng.TestNG.runSuitesSequentially(TestNG.java:1218)
	at org.testng.TestNG.runSuitesLocally(TestNG.java:1140)
	at org.testng.TestNG.runSuites(TestNG.java:1069)
	at org.testng.TestNG.run(TestNG.java:1037)
	at org.testng.remote.AbstractRemoteTestNG.run(AbstractRemoteTestNG.java:115)
	at org.testng.remote.RemoteTestNG.initAndRun(RemoteTestNG.java:251)
	at org.testng.remote.RemoteTestNG.main(RemoteTestNG.java:77)
</pre></div><a href='#' onClick='toggleBox("stack-trace1686017373", this, "Click to show all stack frames", "Click to hide stack frames")'>Click to show all stack frames</a>
<div class='stack-trace' id='stack-trace1686017373'><pre>org.openqa.selenium.WebDriverException: An unknown server-side error occurred while processing the command. Original error: Cannot activate &apos;com.dreammirae.anyauth.android&apos;. Original error: Error executing adbExec. Original error: &apos;Command &apos;/Users/soosanint/Library/Android/sdk/platform-tools/adb -P 5037 -s R54R8002EJY shell monkey -p com.dreammirae.anyauth.android -c android.intent.category.LAUNCHER 1&apos; exited with code 252&apos;; Command output: args: [-p, com.dreammirae.anyauth.android, -c, android.intent.category.LAUNCHER, 1]
 arg: &quot;-p&quot;
 arg: &quot;com.dreammirae.anyauth.android&quot;
 arg: &quot;-c&quot;
 arg: &quot;android.intent.category.LAUNCHER&quot;
 arg: &quot;1&quot;
data=&quot;com.dreammirae.anyauth.android&quot;
data=&quot;android.intent.category.LAUNCHER&quot;

Build info: version: &apos;3.141.59&apos;, revision: &apos;e82be7d358&apos;, time: &apos;2018-11-14T08:17:03&apos;
System info: host: &apos;SOOSANui-MacBookAir.local&apos;, ip: &apos;fe80:0:0:0:14a8:2e5:7cd6:cc9a%en0&apos;, os.name: &apos;Mac OS X&apos;, os.arch: &apos;aarch64&apos;, os.version: &apos;13.3.1&apos;, java.version: &apos;17.0.6&apos;
Driver info: io.appium.java_client.android.AndroidDriver
Capabilities {databaseEnabled: false, desired: {deviceName: SM-G991N, platformName: android, platformversion: 12, uuid: R3CRC0MAAKN}, deviceApiLevel: 30, deviceManufacturer: samsung, deviceModel: SM-T735N, deviceName: R54R8002EJY, deviceScreenDensity: 340, deviceScreenSize: 1600x2560, deviceUDID: R54R8002EJY, javascriptEnabled: true, locationContextEnabled: false, networkConnectionEnabled: true, pixelRatio: 2.125, platform: LINUX, platformName: Android, platformVersion: 11, platformversion: 12, statBarHeight: 51, takesScreenshot: true, uuid: R3CRC0MAAKN, viewportRect: {height: 2407, left: 0, top: 51, width: 1600}, warnings: {}, webStorageEnabled: false}
Session ID: 2ef3adf0-ad83-4d8b-880c-d038b81af07c
	at java.base/jdk.internal.reflect.NativeConstructorAccessorImpl.newInstance0(Native Method)
	at java.base/jdk.internal.reflect.NativeConstructorAccessorImpl.newInstance(NativeConstructorAccessorImpl.java:77)
	at java.base/jdk.internal.reflect.DelegatingConstructorAccessorImpl.newInstance(DelegatingConstructorAccessorImpl.java:45)
	at java.base/java.lang.reflect.Constructor.newInstanceWithCaller(Constructor.java:499)
	at java.base/java.lang.reflect.Constructor.newInstance(Constructor.java:480)
	at org.openqa.selenium.remote.http.W3CHttpResponseCodec.createException(W3CHttpResponseCodec.java:187)
	at org.openqa.selenium.remote.http.W3CHttpResponseCodec.decode(W3CHttpResponseCodec.java:122)
	at org.openqa.selenium.remote.http.W3CHttpResponseCodec.decode(W3CHttpResponseCodec.java:49)
	at org.openqa.selenium.remote.HttpCommandExecutor.execute(HttpCommandExecutor.java:158)
	at io.appium.java_client.remote.AppiumCommandExecutor.execute(AppiumCommandExecutor.java:239)
	at org.openqa.selenium.remote.RemoteWebDriver.execute(RemoteWebDriver.java:552)
	at io.appium.java_client.DefaultGenericMobileDriver.execute(DefaultGenericMobileDriver.java:41)
	at io.appium.java_client.AppiumDriver.execute(AppiumDriver.java:1)
	at io.appium.java_client.android.AndroidDriver.execute(AndroidDriver.java:1)
	at io.appium.java_client.CommandExecutionHelper.execute(CommandExecutionHelper.java:27)
	at io.appium.java_client.InteractsWithApps.activateApp(InteractsWithApps.java:166)
	at io.appium.java_client.InteractsWithApps.activateApp(InteractsWithApps.java:150)
	at function.func_appium_android.activate_app(func_appium_android.java:427)
	at function.func_appium_android.login_server(func_appium_android.java:305)
	at test_case_android.A09_T05.A09_T05_case(A09_T05.java:32)
	at eWalker_SSL_VPN_V10.eWalker_SSL_VPN_Android_launch.A09_T05(eWalker_SSL_VPN_Android_launch.java:222)
	at java.base/jdk.internal.reflect.NativeMethodAccessorImpl.invoke0(Native Method)
	at java.base/jdk.internal.reflect.NativeMethodAccessorImpl.invoke(NativeMethodAccessorImpl.java:77)
	at java.base/jdk.internal.reflect.DelegatingMethodAccessorImpl.invoke(DelegatingMethodAccessorImpl.java:43)
	at java.base/java.lang.reflect.Method.invoke(Method.java:568)
	at org.testng.internal.MethodInvocationHelper.invokeMethod(MethodInvocationHelper.java:132)
	at org.testng.internal.TestInvoker.invokeMethod(TestInvoker.java:599)
	at org.testng.internal.TestInvoker.invokeTestMethod(TestInvoker.java:174)
	at org.testng.internal.MethodRunner.runInSequence(MethodRunner.java:46)
	at org.testng.internal.TestInvoker$MethodInvocationAgent.invoke(TestInvoker.java:822)
	at org.testng.internal.TestInvoker.invokeTestMethods(TestInvoker.java:147)
	at org.testng.internal.TestMethodWorker.invokeTestMethods(TestMethodWorker.java:146)
	at org.testng.internal.TestMethodWorker.run(TestMethodWorker.java:128)
	at java.base/java.util.ArrayList.forEach(ArrayList.java:1511)
	at org.testng.TestRunner.privateRun(TestRunner.java:764)
	at org.testng.TestRunner.run(TestRunner.java:585)
	at org.testng.SuiteRunner.runTest(SuiteRunner.java:384)
	at org.testng.SuiteRunner.runSequentially(SuiteRunner.java:378)
	at org.testng.SuiteRunner.privateRun(SuiteRunner.java:337)
	at org.testng.SuiteRunner.run(SuiteRunner.java:286)
	at org.testng.SuiteRunnerWorker.runSuite(SuiteRunnerWorker.java:53)
	at org.testng.SuiteRunnerWorker.run(SuiteRunnerWorker.java:96)
	at org.testng.TestNG.runSuitesSequentially(TestNG.java:1218)
	at org.testng.TestNG.runSuitesLocally(TestNG.java:1140)
	at org.testng.TestNG.runSuites(TestNG.java:1069)
	at org.testng.TestNG.run(TestNG.java:1037)
	at org.testng.remote.AbstractRemoteTestNG.run(AbstractRemoteTestNG.java:115)
	at org.testng.remote.RemoteTestNG.initAndRun(RemoteTestNG.java:251)
	at org.testng.remote.RemoteTestNG.main(RemoteTestNG.java:77)
</pre></div></td>
<td>33</td>
<td>eWalker_SSL_VPN_V10.eWalker_SSL_VPN_Android_launch@6631f5ca</td></tr>
<tr>
<td title='eWalker_SSL_VPN_V10.eWalker_SSL_VPN_Android_launch.A10_T05()'><b>A10_T05</b><br>Test class: eWalker_SSL_VPN_V10.eWalker_SSL_VPN_Android_launch</td>
<td><div><pre>org.openqa.selenium.WebDriverException: An unknown server-side error occurred while processing the command. Original error: Cannot activate &apos;com.dreammirae.anyauth.android&apos;. Original error: Error executing adbExec. Original error: &apos;Command &apos;/Users/soosanint/Library/Android/sdk/platform-tools/adb -P 5037 -s R54R8002EJY shell monkey -p com.dreammirae.anyauth.android -c android.intent.category.LAUNCHER 1&apos; exited with code 252&apos;; Command output: args: [-p, com.dreammirae.anyauth.android, -c, android.intent.category.LAUNCHER, 1]
 arg: &quot;-p&quot;
 arg: &quot;com.dreammirae.anyauth.android&quot;
 arg: &quot;-c&quot;
 arg: &quot;android.intent.category.LAUNCHER&quot;
 arg: &quot;1&quot;
data=&quot;com.dreammirae.anyauth.android&quot;
data=&quot;android.intent.category.LAUNCHER&quot;

Build info: version: &apos;3.141.59&apos;, revision: &apos;e82be7d358&apos;, time: &apos;2018-11-14T08:17:03&apos;
System info: host: &apos;SOOSANui-MacBookAir.local&apos;, ip: &apos;fe80:0:0:0:14a8:2e5:7cd6:cc9a%en0&apos;, os.name: &apos;Mac OS X&apos;, os.arch: &apos;aarch64&apos;, os.version: &apos;13.3.1&apos;, java.version: &apos;17.0.6&apos;
Driver info: io.appium.java_client.android.AndroidDriver
Capabilities {databaseEnabled: false, desired: {deviceName: SM-G991N, platformName: android, platformversion: 12, uuid: R3CRC0MAAKN}, deviceApiLevel: 30, deviceManufacturer: samsung, deviceModel: SM-T735N, deviceName: R54R8002EJY, deviceScreenDensity: 340, deviceScreenSize: 1600x2560, deviceUDID: R54R8002EJY, javascriptEnabled: true, locationContextEnabled: false, networkConnectionEnabled: true, pixelRatio: 2.125, platform: LINUX, platformName: Android, platformVersion: 11, platformversion: 12, statBarHeight: 51, takesScreenshot: true, uuid: R3CRC0MAAKN, viewportRect: {height: 2407, left: 0, top: 51, width: 1600}, warnings: {}, webStorageEnabled: false}
Session ID: 2ef3adf0-ad83-4d8b-880c-d038b81af07c
	at java.base/jdk.internal.reflect.NativeConstructorAccessorImpl.newInstance0(Native Method)
	at java.base/jdk.internal.reflect.NativeConstructorAccessorImpl.newInstance(NativeConstructorAccessorImpl.java:77)
	at java.base/jdk.internal.reflect.DelegatingConstructorAccessorImpl.newInstance(DelegatingConstructorAccessorImpl.java:45)
	at java.base/java.lang.reflect.Constructor.newInstanceWithCaller(Constructor.java:499)
	at java.base/java.lang.reflect.Constructor.newInstance(Constructor.java:480)
	at org.openqa.selenium.remote.http.W3CHttpResponseCodec.createException(W3CHttpResponseCodec.java:187)
	at org.openqa.selenium.remote.http.W3CHttpResponseCodec.decode(W3CHttpResponseCodec.java:122)
	at org.openqa.selenium.remote.http.W3CHttpResponseCodec.decode(W3CHttpResponseCodec.java:49)
	at org.openqa.selenium.remote.HttpCommandExecutor.execute(HttpCommandExecutor.java:158)
	at io.appium.java_client.remote.AppiumCommandExecutor.execute(AppiumCommandExecutor.java:239)
	at org.openqa.selenium.remote.RemoteWebDriver.execute(RemoteWebDriver.java:552)
	at io.appium.java_client.DefaultGenericMobileDriver.execute(DefaultGenericMobileDriver.java:41)
	at io.appium.java_client.AppiumDriver.execute(AppiumDriver.java:1)
	at io.appium.java_client.android.AndroidDriver.execute(AndroidDriver.java:1)
	at io.appium.java_client.CommandExecutionHelper.execute(CommandExecutionHelper.java:27)
	at io.appium.java_client.InteractsWithApps.activateApp(InteractsWithApps.java:166)
	at io.appium.java_client.InteractsWithApps.activateApp(InteractsWithApps.java:150)
	at function.func_appium_android.activate_app(func_appium_android.java:427)
	at function.func_appium_android.login_server(func_appium_android.java:305)
	at test_case_android.A10_T05.A10_T05_case(A10_T05.java:32)
	at eWalker_SSL_VPN_V10.eWalker_SSL_VPN_Android_launch.A10_T05(eWalker_SSL_VPN_Android_launch.java:246)
	at java.base/jdk.internal.reflect.NativeMethodAccessorImpl.invoke0(Native Method)
	at java.base/jdk.internal.reflect.NativeMethodAccessorImpl.invoke(NativeMethodAccessorImpl.java:77)
	at java.base/jdk.internal.reflect.DelegatingMethodAccessorImpl.invoke(DelegatingMethodAccessorImpl.java:43)
	at java.base/java.lang.reflect.Method.invoke(Method.java:568)
	at org.testng.internal.MethodInvocationHelper.invokeMethod(MethodInvocationHelper.java:132)
	at org.testng.internal.TestInvoker.invokeMethod(TestInvoker.java:599)
	at org.testng.internal.TestInvoker.invokeTestMethod(TestInvoker.java:174)
	at org.testng.internal.MethodRunner.runInSequence(MethodRunner.java:46)
	at org.testng.internal.TestInvoker$MethodInvocationAgent.invoke(TestInvoker.java:822)
	at org.testng.internal.TestInvoker.invokeTestMethods(TestInvoker.java:147)
	at org.testng.internal.TestMethodWorker.invokeTestMethods(TestMethodWorker.java:146)
	at org.testng.internal.TestMethodWorker.run(TestMethodWorker.java:128)
	at java.base/java.util.ArrayList.forEach(ArrayList.java:1511)
	at org.testng.TestRunner.privateRun(TestRunner.java:764)
	at org.testng.TestRunner.run(TestRunner.java:585)
	at org.testng.SuiteRunner.runTest(SuiteRunner.java:384)
	at org.testng.SuiteRunner.runSequentially(SuiteRunner.java:378)
	at org.testng.SuiteRunner.privateRun(SuiteRunner.java:337)
	at org.testng.SuiteRunner.run(SuiteRunner.java:286)
	at org.testng.SuiteRunnerWorker.runSuite(SuiteRunnerWorker.java:53)
	at org.testng.SuiteRunnerWorker.run(SuiteRunnerWorker.java:96)
	at org.testng.TestNG.runSuitesSequentially(TestNG.java:1218)
	at org.testng.TestNG.runSuitesLocally(TestNG.java:1140)
	at org.testng.TestNG.runSuites(TestNG.java:1069)
	at org.testng.TestNG.run(TestNG.java:1037)
	at org.testng.remote.AbstractRemoteTestNG.run(AbstractRemoteTestNG.java:115)
	at org.testng.remote.RemoteTestNG.initAndRun(RemoteTestNG.java:251)
	at org.testng.remote.RemoteTestNG.main(RemoteTestNG.java:77)
</pre></div><a href='#' onClick='toggleBox("stack-trace2088580481", this, "Click to show all stack frames", "Click to hide stack frames")'>Click to show all stack frames</a>
<div class='stack-trace' id='stack-trace2088580481'><pre>org.openqa.selenium.WebDriverException: An unknown server-side error occurred while processing the command. Original error: Cannot activate &apos;com.dreammirae.anyauth.android&apos;. Original error: Error executing adbExec. Original error: &apos;Command &apos;/Users/soosanint/Library/Android/sdk/platform-tools/adb -P 5037 -s R54R8002EJY shell monkey -p com.dreammirae.anyauth.android -c android.intent.category.LAUNCHER 1&apos; exited with code 252&apos;; Command output: args: [-p, com.dreammirae.anyauth.android, -c, android.intent.category.LAUNCHER, 1]
 arg: &quot;-p&quot;
 arg: &quot;com.dreammirae.anyauth.android&quot;
 arg: &quot;-c&quot;
 arg: &quot;android.intent.category.LAUNCHER&quot;
 arg: &quot;1&quot;
data=&quot;com.dreammirae.anyauth.android&quot;
data=&quot;android.intent.category.LAUNCHER&quot;

Build info: version: &apos;3.141.59&apos;, revision: &apos;e82be7d358&apos;, time: &apos;2018-11-14T08:17:03&apos;
System info: host: &apos;SOOSANui-MacBookAir.local&apos;, ip: &apos;fe80:0:0:0:14a8:2e5:7cd6:cc9a%en0&apos;, os.name: &apos;Mac OS X&apos;, os.arch: &apos;aarch64&apos;, os.version: &apos;13.3.1&apos;, java.version: &apos;17.0.6&apos;
Driver info: io.appium.java_client.android.AndroidDriver
Capabilities {databaseEnabled: false, desired: {deviceName: SM-G991N, platformName: android, platformversion: 12, uuid: R3CRC0MAAKN}, deviceApiLevel: 30, deviceManufacturer: samsung, deviceModel: SM-T735N, deviceName: R54R8002EJY, deviceScreenDensity: 340, deviceScreenSize: 1600x2560, deviceUDID: R54R8002EJY, javascriptEnabled: true, locationContextEnabled: false, networkConnectionEnabled: true, pixelRatio: 2.125, platform: LINUX, platformName: Android, platformVersion: 11, platformversion: 12, statBarHeight: 51, takesScreenshot: true, uuid: R3CRC0MAAKN, viewportRect: {height: 2407, left: 0, top: 51, width: 1600}, warnings: {}, webStorageEnabled: false}
Session ID: 2ef3adf0-ad83-4d8b-880c-d038b81af07c
	at java.base/jdk.internal.reflect.NativeConstructorAccessorImpl.newInstance0(Native Method)
	at java.base/jdk.internal.reflect.NativeConstructorAccessorImpl.newInstance(NativeConstructorAccessorImpl.java:77)
	at java.base/jdk.internal.reflect.DelegatingConstructorAccessorImpl.newInstance(DelegatingConstructorAccessorImpl.java:45)
	at java.base/java.lang.reflect.Constructor.newInstanceWithCaller(Constructor.java:499)
	at java.base/java.lang.reflect.Constructor.newInstance(Constructor.java:480)
	at org.openqa.selenium.remote.http.W3CHttpResponseCodec.createException(W3CHttpResponseCodec.java:187)
	at org.openqa.selenium.remote.http.W3CHttpResponseCodec.decode(W3CHttpResponseCodec.java:122)
	at org.openqa.selenium.remote.http.W3CHttpResponseCodec.decode(W3CHttpResponseCodec.java:49)
	at org.openqa.selenium.remote.HttpCommandExecutor.execute(HttpCommandExecutor.java:158)
	at io.appium.java_client.remote.AppiumCommandExecutor.execute(AppiumCommandExecutor.java:239)
	at org.openqa.selenium.remote.RemoteWebDriver.execute(RemoteWebDriver.java:552)
	at io.appium.java_client.DefaultGenericMobileDriver.execute(DefaultGenericMobileDriver.java:41)
	at io.appium.java_client.AppiumDriver.execute(AppiumDriver.java:1)
	at io.appium.java_client.android.AndroidDriver.execute(AndroidDriver.java:1)
	at io.appium.java_client.CommandExecutionHelper.execute(CommandExecutionHelper.java:27)
	at io.appium.java_client.InteractsWithApps.activateApp(InteractsWithApps.java:166)
	at io.appium.java_client.InteractsWithApps.activateApp(InteractsWithApps.java:150)
	at function.func_appium_android.activate_app(func_appium_android.java:427)
	at function.func_appium_android.login_server(func_appium_android.java:305)
	at test_case_android.A10_T05.A10_T05_case(A10_T05.java:32)
	at eWalker_SSL_VPN_V10.eWalker_SSL_VPN_Android_launch.A10_T05(eWalker_SSL_VPN_Android_launch.java:246)
	at java.base/jdk.internal.reflect.NativeMethodAccessorImpl.invoke0(Native Method)
	at java.base/jdk.internal.reflect.NativeMethodAccessorImpl.invoke(NativeMethodAccessorImpl.java:77)
	at java.base/jdk.internal.reflect.DelegatingMethodAccessorImpl.invoke(DelegatingMethodAccessorImpl.java:43)
	at java.base/java.lang.reflect.Method.invoke(Method.java:568)
	at org.testng.internal.MethodInvocationHelper.invokeMethod(MethodInvocationHelper.java:132)
	at org.testng.internal.TestInvoker.invokeMethod(TestInvoker.java:599)
	at org.testng.internal.TestInvoker.invokeTestMethod(TestInvoker.java:174)
	at org.testng.internal.MethodRunner.runInSequence(MethodRunner.java:46)
	at org.testng.internal.TestInvoker$MethodInvocationAgent.invoke(TestInvoker.java:822)
	at org.testng.internal.TestInvoker.invokeTestMethods(TestInvoker.java:147)
	at org.testng.internal.TestMethodWorker.invokeTestMethods(TestMethodWorker.java:146)
	at org.testng.internal.TestMethodWorker.run(TestMethodWorker.java:128)
	at java.base/java.util.ArrayList.forEach(ArrayList.java:1511)
	at org.testng.TestRunner.privateRun(TestRunner.java:764)
	at org.testng.TestRunner.run(TestRunner.java:585)
	at org.testng.SuiteRunner.runTest(SuiteRunner.java:384)
	at org.testng.SuiteRunner.runSequentially(SuiteRunner.java:378)
	at org.testng.SuiteRunner.privateRun(SuiteRunner.java:337)
	at org.testng.SuiteRunner.run(SuiteRunner.java:286)
	at org.testng.SuiteRunnerWorker.runSuite(SuiteRunnerWorker.java:53)
	at org.testng.SuiteRunnerWorker.run(SuiteRunnerWorker.java:96)
	at org.testng.TestNG.runSuitesSequentially(TestNG.java:1218)
	at org.testng.TestNG.runSuitesLocally(TestNG.java:1140)
	at org.testng.TestNG.runSuites(TestNG.java:1069)
	at org.testng.TestNG.run(TestNG.java:1037)
	at org.testng.remote.AbstractRemoteTestNG.run(AbstractRemoteTestNG.java:115)
	at org.testng.remote.RemoteTestNG.initAndRun(RemoteTestNG.java:251)
	at org.testng.remote.RemoteTestNG.main(RemoteTestNG.java:77)
</pre></div></td>
<td>33</td>
<td>eWalker_SSL_VPN_V10.eWalker_SSL_VPN_Android_launch@6631f5ca</td></tr>
</table><p>
<table width='100%' border='1' class='invocation-passed'>
<tr><td colspan='4' align='center'><b>PASSED TESTS</b></td></tr>
<tr><td><b>Test method</b></td>
<td width="30%"><b>Exception</b></td>
<td width="10%"><b>Time (seconds)</b></td>
<td><b>Instance</b></td>
</tr>
<tr>
<td title='eWalker_SSL_VPN_V10.eWalker_SSL_VPN_Android_launch.A01_T01()'><b>A01_T01</b><br>Test class: eWalker_SSL_VPN_V10.eWalker_SSL_VPN_Android_launch</td>
<td></td>
<td>6</td>
<td>eWalker_SSL_VPN_V10.eWalker_SSL_VPN_Android_launch@6631f5ca</td></tr>
<tr>
<td title='eWalker_SSL_VPN_V10.eWalker_SSL_VPN_Android_launch.A02_T01()'><b>A02_T01</b><br>Test class: eWalker_SSL_VPN_V10.eWalker_SSL_VPN_Android_launch</td>
<td></td>
<td>18</td>
<td>eWalker_SSL_VPN_V10.eWalker_SSL_VPN_Android_launch@6631f5ca</td></tr>
<tr>
<td title='eWalker_SSL_VPN_V10.eWalker_SSL_VPN_Android_launch.A02_T02()'><b>A02_T02</b><br>Test class: eWalker_SSL_VPN_V10.eWalker_SSL_VPN_Android_launch</td>
<td></td>
<td>137</td>
<td>eWalker_SSL_VPN_V10.eWalker_SSL_VPN_Android_launch@6631f5ca</td></tr>
<tr>
<td title='eWalker_SSL_VPN_V10.eWalker_SSL_VPN_Android_launch.A02_T03()'><b>A02_T03</b><br>Test class: eWalker_SSL_VPN_V10.eWalker_SSL_VPN_Android_launch</td>
<td></td>
<td>83</td>
<td>eWalker_SSL_VPN_V10.eWalker_SSL_VPN_Android_launch@6631f5ca</td></tr>
<tr>
<td title='eWalker_SSL_VPN_V10.eWalker_SSL_VPN_Android_launch.A03_T01()'><b>A03_T01</b><br>Test class: eWalker_SSL_VPN_V10.eWalker_SSL_VPN_Android_launch</td>
<td></td>
<td>36</td>
<td>eWalker_SSL_VPN_V10.eWalker_SSL_VPN_Android_launch@6631f5ca</td></tr>
<tr>
<td title='eWalker_SSL_VPN_V10.eWalker_SSL_VPN_Android_launch.A03_T02()'><b>A03_T02</b><br>Test class: eWalker_SSL_VPN_V10.eWalker_SSL_VPN_Android_launch</td>
<td></td>
<td>43</td>
<td>eWalker_SSL_VPN_V10.eWalker_SSL_VPN_Android_launch@6631f5ca</td></tr>
<tr>
<td title='eWalker_SSL_VPN_V10.eWalker_SSL_VPN_Android_launch.A03_T03()'><b>A03_T03</b><br>Test class: eWalker_SSL_VPN_V10.eWalker_SSL_VPN_Android_launch</td>
<td></td>
<td>61</td>
<td>eWalker_SSL_VPN_V10.eWalker_SSL_VPN_Android_launch@6631f5ca</td></tr>
<tr>
<td title='eWalker_SSL_VPN_V10.eWalker_SSL_VPN_Android_launch.A04_T01()'><b>A04_T01</b><br>Test class: eWalker_SSL_VPN_V10.eWalker_SSL_VPN_Android_launch</td>
<td></td>
<td>87</td>
<td>eWalker_SSL_VPN_V10.eWalker_SSL_VPN_Android_launch@6631f5ca</td></tr>
<tr>
<td title='eWalker_SSL_VPN_V10.eWalker_SSL_VPN_Android_launch.A04_T02()'><b>A04_T02</b><br>Test class: eWalker_SSL_VPN_V10.eWalker_SSL_VPN_Android_launch</td>
<td></td>
<td>58</td>
<td>eWalker_SSL_VPN_V10.eWalker_SSL_VPN_Android_launch@6631f5ca</td></tr>
<tr>
<td title='eWalker_SSL_VPN_V10.eWalker_SSL_VPN_Android_launch.A04_T04()'><b>A04_T04</b><br>Test class: eWalker_SSL_VPN_V10.eWalker_SSL_VPN_Android_launch</td>
<td></td>
<td>897</td>
<td>eWalker_SSL_VPN_V10.eWalker_SSL_VPN_Android_launch@6631f5ca</td></tr>
<tr>
<td title='eWalker_SSL_VPN_V10.eWalker_SSL_VPN_Android_launch.A04_T05()'><b>A04_T05</b><br>Test class: eWalker_SSL_VPN_V10.eWalker_SSL_VPN_Android_launch</td>
<td></td>
<td>56</td>
<td>eWalker_SSL_VPN_V10.eWalker_SSL_VPN_Android_launch@6631f5ca</td></tr>
<tr>
<td title='eWalker_SSL_VPN_V10.eWalker_SSL_VPN_Android_launch.A04_T06()'><b>A04_T06</b><br>Test class: eWalker_SSL_VPN_V10.eWalker_SSL_VPN_Android_launch</td>
<td></td>
<td>135</td>
<td>eWalker_SSL_VPN_V10.eWalker_SSL_VPN_Android_launch@6631f5ca</td></tr>
<tr>
<td title='eWalker_SSL_VPN_V10.eWalker_SSL_VPN_Android_launch.A04_T07()'><b>A04_T07</b><br>Test class: eWalker_SSL_VPN_V10.eWalker_SSL_VPN_Android_launch</td>
<td></td>
<td>54</td>
<td>eWalker_SSL_VPN_V10.eWalker_SSL_VPN_Android_launch@6631f5ca</td></tr>
<tr>
<td title='eWalker_SSL_VPN_V10.eWalker_SSL_VPN_Android_launch.A04_T08()'><b>A04_T08</b><br>Test class: eWalker_SSL_VPN_V10.eWalker_SSL_VPN_Android_launch</td>
<td></td>
<td>55</td>
<td>eWalker_SSL_VPN_V10.eWalker_SSL_VPN_Android_launch@6631f5ca</td></tr>
<tr>
<td title='eWalker_SSL_VPN_V10.eWalker_SSL_VPN_Android_launch.A04_T09()'><b>A04_T09</b><br>Test class: eWalker_SSL_VPN_V10.eWalker_SSL_VPN_Android_launch</td>
<td></td>
<td>225</td>
<td>eWalker_SSL_VPN_V10.eWalker_SSL_VPN_Android_launch@6631f5ca</td></tr>
<tr>
<td title='eWalker_SSL_VPN_V10.eWalker_SSL_VPN_Android_launch.A06_T01()'><b>A06_T01</b><br>Test class: eWalker_SSL_VPN_V10.eWalker_SSL_VPN_Android_launch</td>
<td></td>
<td>54</td>
<td>eWalker_SSL_VPN_V10.eWalker_SSL_VPN_Android_launch@6631f5ca</td></tr>
<tr>
<td title='eWalker_SSL_VPN_V10.eWalker_SSL_VPN_Android_launch.A06_T02()'><b>A06_T02</b><br>Test class: eWalker_SSL_VPN_V10.eWalker_SSL_VPN_Android_launch</td>
<td></td>
<td>197</td>
<td>eWalker_SSL_VPN_V10.eWalker_SSL_VPN_Android_launch@6631f5ca</td></tr>
<tr>
<td title='eWalker_SSL_VPN_V10.eWalker_SSL_VPN_Android_launch.A06_T03()'><b>A06_T03</b><br>Test class: eWalker_SSL_VPN_V10.eWalker_SSL_VPN_Android_launch</td>
<td></td>
<td>42</td>
<td>eWalker_SSL_VPN_V10.eWalker_SSL_VPN_Android_launch@6631f5ca</td></tr>
<tr>
<td title='eWalker_SSL_VPN_V10.eWalker_SSL_VPN_Android_launch.A06_T05()'><b>A06_T05</b><br>Test class: eWalker_SSL_VPN_V10.eWalker_SSL_VPN_Android_launch</td>
<td></td>
<td>71</td>
<td>eWalker_SSL_VPN_V10.eWalker_SSL_VPN_Android_launch@6631f5ca</td></tr>
<tr>
<td title='eWalker_SSL_VPN_V10.eWalker_SSL_VPN_Android_launch.A07_T01()'><b>A07_T01</b><br>Test class: eWalker_SSL_VPN_V10.eWalker_SSL_VPN_Android_launch</td>
<td></td>
<td>43</td>
<td>eWalker_SSL_VPN_V10.eWalker_SSL_VPN_Android_launch@6631f5ca</td></tr>
<tr>
<td title='eWalker_SSL_VPN_V10.eWalker_SSL_VPN_Android_launch.A07_T03()'><b>A07_T03</b><br>Test class: eWalker_SSL_VPN_V10.eWalker_SSL_VPN_Android_launch</td>
<td></td>
<td>68</td>
<td>eWalker_SSL_VPN_V10.eWalker_SSL_VPN_Android_launch@6631f5ca</td></tr>
<tr>
<td title='eWalker_SSL_VPN_V10.eWalker_SSL_VPN_Android_launch.A07_T04()'><b>A07_T04</b><br>Test class: eWalker_SSL_VPN_V10.eWalker_SSL_VPN_Android_launch</td>
<td></td>
<td>138</td>
<td>eWalker_SSL_VPN_V10.eWalker_SSL_VPN_Android_launch@6631f5ca</td></tr>
<tr>
<td title='eWalker_SSL_VPN_V10.eWalker_SSL_VPN_Android_launch.A08_T01()'><b>A08_T01</b><br>Test class: eWalker_SSL_VPN_V10.eWalker_SSL_VPN_Android_launch</td>
<td></td>
<td>52</td>
<td>eWalker_SSL_VPN_V10.eWalker_SSL_VPN_Android_launch@6631f5ca</td></tr>
<tr>
<td title='eWalker_SSL_VPN_V10.eWalker_SSL_VPN_Android_launch.A08_T04()'><b>A08_T04</b><br>Test class: eWalker_SSL_VPN_V10.eWalker_SSL_VPN_Android_launch</td>
<td></td>
<td>139</td>
<td>eWalker_SSL_VPN_V10.eWalker_SSL_VPN_Android_launch@6631f5ca</td></tr>
<tr>
<td title='eWalker_SSL_VPN_V10.eWalker_SSL_VPN_Android_launch.A09_T01()'><b>A09_T01</b><br>Test class: eWalker_SSL_VPN_V10.eWalker_SSL_VPN_Android_launch</td>
<td></td>
<td>52</td>
<td>eWalker_SSL_VPN_V10.eWalker_SSL_VPN_Android_launch@6631f5ca</td></tr>
<tr>
<td title='eWalker_SSL_VPN_V10.eWalker_SSL_VPN_Android_launch.A09_T03()'><b>A09_T03</b><br>Test class: eWalker_SSL_VPN_V10.eWalker_SSL_VPN_Android_launch</td>
<td></td>
<td>70</td>
<td>eWalker_SSL_VPN_V10.eWalker_SSL_VPN_Android_launch@6631f5ca</td></tr>
<tr>
<td title='eWalker_SSL_VPN_V10.eWalker_SSL_VPN_Android_launch.A09_T04()'><b>A09_T04</b><br>Test class: eWalker_SSL_VPN_V10.eWalker_SSL_VPN_Android_launch</td>
<td></td>
<td>200</td>
<td>eWalker_SSL_VPN_V10.eWalker_SSL_VPN_Android_launch@6631f5ca</td></tr>
<tr>
<td title='eWalker_SSL_VPN_V10.eWalker_SSL_VPN_Android_launch.A10_T01()'><b>A10_T01</b><br>Test class: eWalker_SSL_VPN_V10.eWalker_SSL_VPN_Android_launch</td>
<td></td>
<td>52</td>
<td>eWalker_SSL_VPN_V10.eWalker_SSL_VPN_Android_launch@6631f5ca</td></tr>
<tr>
<td title='eWalker_SSL_VPN_V10.eWalker_SSL_VPN_Android_launch.A10_T03()'><b>A10_T03</b><br>Test class: eWalker_SSL_VPN_V10.eWalker_SSL_VPN_Android_launch</td>
<td></td>
<td>69</td>
<td>eWalker_SSL_VPN_V10.eWalker_SSL_VPN_Android_launch@6631f5ca</td></tr>
<tr>
<td title='eWalker_SSL_VPN_V10.eWalker_SSL_VPN_Android_launch.A10_T04()'><b>A10_T04</b><br>Test class: eWalker_SSL_VPN_V10.eWalker_SSL_VPN_Android_launch</td>
<td></td>
<td>197</td>
<td>eWalker_SSL_VPN_V10.eWalker_SSL_VPN_Android_launch@6631f5ca</td></tr>
<tr>
<td title='eWalker_SSL_VPN_V10.eWalker_SSL_VPN_Android_launch.A11_T01()'><b>A11_T01</b><br>Test class: eWalker_SSL_VPN_V10.eWalker_SSL_VPN_Android_launch</td>
<td></td>
<td>25</td>
<td>eWalker_SSL_VPN_V10.eWalker_SSL_VPN_Android_launch@6631f5ca</td></tr>
<tr>
<td title='eWalker_SSL_VPN_V10.eWalker_SSL_VPN_Android_launch.A11_T02()'><b>A11_T02</b><br>Test class: eWalker_SSL_VPN_V10.eWalker_SSL_VPN_Android_launch</td>
<td></td>
<td>24</td>
<td>eWalker_SSL_VPN_V10.eWalker_SSL_VPN_Android_launch@6631f5ca</td></tr>
</table><p>
</body>
</html>